
> @skatteetaten/designsystemet@2.1.0 build:playground
> nx build ds-playground --output-dir=/var/folders/kg/1qqqgrd97y5ds1lgjzv14zkw0000gp/T/chromatic--95176-Cd2QVRd0GsaY


[0m[7m[1m[36m NX [39m[22m[27m[0m  [36mRunning target [1mbuild[22m for project ds-playground and [1m1[22m task it depends on:[39m



[2m> [22m[2mnx run[22m ds-core-designtokens:build  [2m[local cache][22m


[2m> [22m[2mnx run[22m ds-playground:build --output-dir=/var/folders/kg/1qqqgrd97y5ds1lgjzv14zkw0000gp/T/chromatic--95176-Cd2QVRd0GsaY

[7m[1m[36m NX [39m[22m[27m [1mStorybook builder starting ...[22m
info => Cleaning outputDir: [36m../../../../../var/folders/kg/1qqqgrd97y5ds1lgjzv14zkw0000gp/T/chromatic--95176-Cd2QVRd0GsaY[39m
info => Loading presets
info
 => Building manager..
info => Building preview..
[addon-coverage] Adding istanbul plugin to Vite config
info => Copying static files: [36mapps/ds-playground/src/public[39m at [36m../../../../../var/folders/kg/1qqqgrd97y5ds1lgjzv14zkw0000gp/T/chromatic--95176-Cd2QVRd0GsaY[39m
[36mvite v6.3.5 [32mbuilding for production...[36m[39m
transforming...
[32m✓[39m 1705 modules transformed.
rendering chunks...
computing gzip size...
[2m../../../../../../../var/folders/kg/1qqqgrd97y5ds1lgjzv14zkw0000gp/T/chromatic--95176-Cd2QVRd0GsaY/[22m[2massets/[22m[32mlogo_no-DaLMx-Kr.svg                                  [39m[1m[2m    6.24 kB[22m[1m[22m[2m │ gzip:     1.62 kB[22m
[2m../../../../../../../var/folders/kg/1qqqgrd97y5ds1lgjzv14zkw0000gp/T/chromatic--95176-Cd2QVRd0GsaY/[22m[2massets/[22m[32mske-logo-en-miqnIDlD.svg                              [39m[1m[2m    7.31 kB[22m[1m[22m[2m │ gzip:     2.00 kB[22m
[2m../../../../../../../var/folders/kg/1qqqgrd97y5ds1lgjzv14zkw0000gp/T/chromatic--95176-Cd2QVRd0GsaY/[22m[2massets/[22m[32mske-logo-Bt192_tV.svg                                 [39m[1m[2m    8.67 kB[22m[1m[22m[2m │ gzip:     2.75 kB[22m
[2m../../../../../../../var/folders/kg/1qqqgrd97y5ds1lgjzv14zkw0000gp/T/chromatic--95176-Cd2QVRd0GsaY/[22m[2massets/[22m[32mcustom-logo-CxYFsi8L.svg                              [39m[1m[2m   10.14 kB[22m[1m[22m[2m │ gzip:     2.06 kB[22m
[2m../../../../../../../var/folders/kg/1qqqgrd97y5ds1lgjzv14zkw0000gp/T/chromatic--95176-Cd2QVRd0GsaY/[22m[2massets/[22m[32mlogo_en-D2eekj7m.svg                                  [39m[1m[2m   10.86 kB[22m[1m[22m[2m │ gzip:     3.30 kB[22m
[2m../../../../../../../var/folders/kg/1qqqgrd97y5ds1lgjzv14zkw0000gp/T/chromatic--95176-Cd2QVRd0GsaY/[22m[2massets/[22m[32mfarmer-illustration-Cidqtsji.svg                      [39m[1m[2m   11.67 kB[22m[1m[22m[2m │ gzip:     4.31 kB[22m
[2m../../../../../../../var/folders/kg/1qqqgrd97y5ds1lgjzv14zkw0000gp/T/chromatic--95176-Cd2QVRd0GsaY/[22m[2massets/[22m[32mske-logo-horizontal-white-KFAj09zZ.png                [39m[1m[2m   14.93 kB[22m[1m[22m
[2m../../../../../../../var/folders/kg/1qqqgrd97y5ds1lgjzv14zkw0000gp/T/chromatic--95176-Cd2QVRd0GsaY/[22m[2massets/[22m[32mCourierStd-Clga6V6V.woff2                             [39m[1m[2m   19.17 kB[22m[1m[22m
[2m../../../../../../../var/folders/kg/1qqqgrd97y5ds1lgjzv14zkw0000gp/T/chromatic--95176-Cd2QVRd0GsaY/[22m[32miframe.html                                                  [39m[1m[2m   22.01 kB[22m[1m[22m[2m │ gzip:     6.10 kB[22m
[2m../../../../../../../var/folders/kg/1qqqgrd97y5ds1lgjzv14zkw0000gp/T/chromatic--95176-Cd2QVRd0GsaY/[22m[2massets/[22m[32mInter-Regular-CKDp9E3C.woff2                          [39m[1m[2m   98.87 kB[22m[1m[22m
[2m../../../../../../../var/folders/kg/1qqqgrd97y5ds1lgjzv14zkw0000gp/T/chromatic--95176-Cd2QVRd0GsaY/[22m[2massets/[22m[32mInter-Thin-CSJ_owlW.woff2                             [39m[1m[2m   99.63 kB[22m[1m[22m
[2m../../../../../../../var/folders/kg/1qqqgrd97y5ds1lgjzv14zkw0000gp/T/chromatic--95176-Cd2QVRd0GsaY/[22m[2massets/[22m[32mInter-Black-DgUKMdlB.woff2                            [39m[1m[2m  102.87 kB[22m[1m[22m
[2m../../../../../../../var/folders/kg/1qqqgrd97y5ds1lgjzv14zkw0000gp/T/chromatic--95176-Cd2QVRd0GsaY/[22m[2massets/[22m[32mInter-ExtraLight-egkqWonf.woff2                       [39m[1m[2m  104.23 kB[22m[1m[22m
[2m../../../../../../../var/folders/kg/1qqqgrd97y5ds1lgjzv14zkw0000gp/T/chromatic--95176-Cd2QVRd0GsaY/[22m[2massets/[22m[32mInter-Light-CdXm_ABL.woff2                            [39m[1m[2m  104.33 kB[22m[1m[22m
[2m../../../../../../../var/folders/kg/1qqqgrd97y5ds1lgjzv14zkw0000gp/T/chromatic--95176-Cd2QVRd0GsaY/[22m[2massets/[22m[32mInter-SemiBold-Ctx7G98q.woff2                         [39m[1m[2m  105.80 kB[22m[1m[22m
[2m../../../../../../../var/folders/kg/1qqqgrd97y5ds1lgjzv14zkw0000gp/T/chromatic--95176-Cd2QVRd0GsaY/[22m[2massets/[22m[32mInter-Medium-P1cOs5ep.woff2                           [39m[1m[2m  105.92 kB[22m[1m[22m
[2m../../../../../../../var/folders/kg/1qqqgrd97y5ds1lgjzv14zkw0000gp/T/chromatic--95176-Cd2QVRd0GsaY/[22m[2massets/[22m[32mInter-ExtraBold-B0QOs-T2.woff2                        [39m[1m[2m  106.11 kB[22m[1m[22m
[2m../../../../../../../var/folders/kg/1qqqgrd97y5ds1lgjzv14zkw0000gp/T/chromatic--95176-Cd2QVRd0GsaY/[22m[2massets/[22m[32mInter-Bold-CuhepTt8.woff2                             [39m[1m[2m  106.14 kB[22m[1m[22m
[2m../../../../../../../var/folders/kg/1qqqgrd97y5ds1lgjzv14zkw0000gp/T/chromatic--95176-Cd2QVRd0GsaY/[22m[2massets/[22m[32mInter-ThinItalic-B6FKq6qK.woff2                       [39m[1m[2m  106.50 kB[22m[1m[22m
[2m../../../../../../../var/folders/kg/1qqqgrd97y5ds1lgjzv14zkw0000gp/T/chromatic--95176-Cd2QVRd0GsaY/[22m[2massets/[22m[32mInter-Italic-_3PMmu0i.woff2                           [39m[1m[2m  106.88 kB[22m[1m[22m
[2m../../../../../../../var/folders/kg/1qqqgrd97y5ds1lgjzv14zkw0000gp/T/chromatic--95176-Cd2QVRd0GsaY/[22m[2massets/[22m[32mInter-BlackItalic-ZFcDzO3e.woff2                      [39m[1m[2m  108.75 kB[22m[1m[22m
[2m../../../../../../../var/folders/kg/1qqqgrd97y5ds1lgjzv14zkw0000gp/T/chromatic--95176-Cd2QVRd0GsaY/[22m[2massets/[22m[32mInter-LightItalic-COmGGTuG.woff2                      [39m[1m[2m  111.33 kB[22m[1m[22m
[2m../../../../../../../var/folders/kg/1qqqgrd97y5ds1lgjzv14zkw0000gp/T/chromatic--95176-Cd2QVRd0GsaY/[22m[2massets/[22m[32mInter-ExtraLightItalic-Bf25KIHs.woff2                 [39m[1m[2m  111.39 kB[22m[1m[22m
[2m../../../../../../../var/folders/kg/1qqqgrd97y5ds1lgjzv14zkw0000gp/T/chromatic--95176-Cd2QVRd0GsaY/[22m[2massets/[22m[32mInter-ExtraBoldItalic-OErwaGem.woff2                  [39m[1m[2m  111.71 kB[22m[1m[22m
[2m../../../../../../../var/folders/kg/1qqqgrd97y5ds1lgjzv14zkw0000gp/T/chromatic--95176-Cd2QVRd0GsaY/[22m[2massets/[22m[32mInter-BoldItalic-R15IsAnq.woff2                       [39m[1m[2m  111.81 kB[22m[1m[22m
[2m../../../../../../../var/folders/kg/1qqqgrd97y5ds1lgjzv14zkw0000gp/T/chromatic--95176-Cd2QVRd0GsaY/[22m[2massets/[22m[32mInter-SemiBoldItalic-BNz1Al2H.woff2                   [39m[1m[2m  112.05 kB[22m[1m[22m
[2m../../../../../../../var/folders/kg/1qqqgrd97y5ds1lgjzv14zkw0000gp/T/chromatic--95176-Cd2QVRd0GsaY/[22m[2massets/[22m[32mInter-MediumItalic-DWiIAHvp.woff2                     [39m[1m[2m  112.18 kB[22m[1m[22m
[2m../../../../../../../var/folders/kg/1qqqgrd97y5ds1lgjzv14zkw0000gp/T/chromatic--95176-Cd2QVRd0GsaY/[22m[2massets/[22m[32mInter-Regular-DJOZHnwz.woff                           [39m[1m[2m  133.84 kB[22m[1m[22m
[2m../../../../../../../var/folders/kg/1qqqgrd97y5ds1lgjzv14zkw0000gp/T/chromatic--95176-Cd2QVRd0GsaY/[22m[2massets/[22m[32mInter-Thin-CVMZtQER.woff                              [39m[1m[2m  135.92 kB[22m[1m[22m
[2m../../../../../../../var/folders/kg/1qqqgrd97y5ds1lgjzv14zkw0000gp/T/chromatic--95176-Cd2QVRd0GsaY/[22m[2massets/[22m[32mInter-Black-DtxVgCT8.woff                             [39m[1m[2m  138.76 kB[22m[1m[22m
[2m../../../../../../../var/folders/kg/1qqqgrd97y5ds1lgjzv14zkw0000gp/T/chromatic--95176-Cd2QVRd0GsaY/[22m[2massets/[22m[32mInter-Light-CG9upfZ4.woff                             [39m[1m[2m  140.63 kB[22m[1m[22m
[2m../../../../../../../var/folders/kg/1qqqgrd97y5ds1lgjzv14zkw0000gp/T/chromatic--95176-Cd2QVRd0GsaY/[22m[2massets/[22m[32mInter-ExtraLight-CbFdmbHh.woff                        [39m[1m[2m  140.72 kB[22m[1m[22m
[2m../../../../../../../var/folders/kg/1qqqgrd97y5ds1lgjzv14zkw0000gp/T/chromatic--95176-Cd2QVRd0GsaY/[22m[2massets/[22m[32mInter-Medium-oHczPpWt.woff                            [39m[1m[2m  142.55 kB[22m[1m[22m
[2m../../../../../../../var/folders/kg/1qqqgrd97y5ds1lgjzv14zkw0000gp/T/chromatic--95176-Cd2QVRd0GsaY/[22m[2massets/[22m[32mInter-ExtraBold-B8imQN9B.woff                         [39m[1m[2m  142.92 kB[22m[1m[22m
[2m../../../../../../../var/folders/kg/1qqqgrd97y5ds1lgjzv14zkw0000gp/T/chromatic--95176-Cd2QVRd0GsaY/[22m[2massets/[22m[32mInter-SemiBold-BHlX_6qk.woff                          [39m[1m[2m  142.93 kB[22m[1m[22m
[2m../../../../../../../var/folders/kg/1qqqgrd97y5ds1lgjzv14zkw0000gp/T/chromatic--95176-Cd2QVRd0GsaY/[22m[2massets/[22m[32mInter-Bold-2PT7Q-hu.woff                              [39m[1m[2m  143.21 kB[22m[1m[22m
[2m../../../../../../../var/folders/kg/1qqqgrd97y5ds1lgjzv14zkw0000gp/T/chromatic--95176-Cd2QVRd0GsaY/[22m[2massets/[22m[32mInter-Italic-Ci_5KQU1.woff                            [39m[1m[2m  144.37 kB[22m[1m[22m
[2m../../../../../../../var/folders/kg/1qqqgrd97y5ds1lgjzv14zkw0000gp/T/chromatic--95176-Cd2QVRd0GsaY/[22m[2massets/[22m[32mInter-ThinItalic-B2bFwwDp.woff                        [39m[1m[2m  145.48 kB[22m[1m[22m
[2m../../../../../../../var/folders/kg/1qqqgrd97y5ds1lgjzv14zkw0000gp/T/chromatic--95176-Cd2QVRd0GsaY/[22m[2massets/[22m[32mInter-BlackItalic-CkZ-ktDH.woff                       [39m[1m[2m  146.82 kB[22m[1m[22m
[2m../../../../../../../var/folders/kg/1qqqgrd97y5ds1lgjzv14zkw0000gp/T/chromatic--95176-Cd2QVRd0GsaY/[22m[2massets/[22m[32mInter-ExtraLightItalic-B3gY-m5W.woff                  [39m[1m[2m  150.00 kB[22m[1m[22m
[2m../../../../../../../var/folders/kg/1qqqgrd97y5ds1lgjzv14zkw0000gp/T/chromatic--95176-Cd2QVRd0GsaY/[22m[2massets/[22m[32mInter-LightItalic-C2ZuFZOC.woff                       [39m[1m[2m  150.09 kB[22m[1m[22m
[2m../../../../../../../var/folders/kg/1qqqgrd97y5ds1lgjzv14zkw0000gp/T/chromatic--95176-Cd2QVRd0GsaY/[22m[2massets/[22m[32mInter-ExtraBoldItalic-Bt8eprh6.woff                   [39m[1m[2m  150.63 kB[22m[1m[22m
[2m../../../../../../../var/folders/kg/1qqqgrd97y5ds1lgjzv14zkw0000gp/T/chromatic--95176-Cd2QVRd0GsaY/[22m[2massets/[22m[32mInter-MediumItalic-8laNK8GF.woff                      [39m[1m[2m  150.99 kB[22m[1m[22m
[2m../../../../../../../var/folders/kg/1qqqgrd97y5ds1lgjzv14zkw0000gp/T/chromatic--95176-Cd2QVRd0GsaY/[22m[2massets/[22m[32mInter-BoldItalic-C906RMVC.woff                        [39m[1m[2m  151.05 kB[22m[1m[22m
[2m../../../../../../../var/folders/kg/1qqqgrd97y5ds1lgjzv14zkw0000gp/T/chromatic--95176-Cd2QVRd0GsaY/[22m[2massets/[22m[32mInter-SemiBoldItalic-CxeAX7g8.woff                    [39m[1m[2m  151.18 kB[22m[1m[22m
[2m../../../../../../../var/folders/kg/1qqqgrd97y5ds1lgjzv14zkw0000gp/T/chromatic--95176-Cd2QVRd0GsaY/[22m[2massets/[22m[32mInter-roman.var-C-r5W2Hj.woff2                        [39m[1m[2m  227.18 kB[22m[1m[22m
[2m../../../../../../../var/folders/kg/1qqqgrd97y5ds1lgjzv14zkw0000gp/T/chromatic--95176-Cd2QVRd0GsaY/[22m[2massets/[22m[32mInter-italic.var-DhD-tpjY.woff2                       [39m[1m[2m  245.04 kB[22m[1m[22m
[2m../../../../../../../var/folders/kg/1qqqgrd97y5ds1lgjzv14zkw0000gp/T/chromatic--95176-Cd2QVRd0GsaY/[22m[2massets/[22m[32mdesignsystem_illustrasjon-gx9l045J.png                [39m[1m[2m  262.47 kB[22m[1m[22m
[2m../../../../../../../var/folders/kg/1qqqgrd97y5ds1lgjzv14zkw0000gp/T/chromatic--95176-Cd2QVRd0GsaY/[22m[2massets/[22m[32mInter.var-CTiC9fjq.woff2                              [39m[1m[2m  324.86 kB[22m[1m[22m
[2m../../../../../../../var/folders/kg/1qqqgrd97y5ds1lgjzv14zkw0000gp/T/chromatic--95176-Cd2QVRd0GsaY/[22m[2massets/[22m[32mwait-alert-illustration-Hpaypitd.png                  [39m[1m[2m  397.23 kB[22m[1m[22m
[2m../../../../../../../var/folders/kg/1qqqgrd97y5ds1lgjzv14zkw0000gp/T/chromatic--95176-Cd2QVRd0GsaY/[22m[2massets/[22m[35mpagelayout-decorator-DZu2euSV.css                     [39m[1m[2m    0.05 kB[22m[1m[22m[2m │ gzip:     0.07 kB[22m
[2m../../../../../../../var/folders/kg/1qqqgrd97y5ds1lgjzv14zkw0000gp/T/chromatic--95176-Cd2QVRd0GsaY/[22m[2massets/[22m[35mTopBannerUserButton-DkXCjw5o.css                      [39m[1m[2m    0.31 kB[22m[1m[22m[2m │ gzip:     0.15 kB[22m
[2m../../../../../../../var/folders/kg/1qqqgrd97y5ds1lgjzv14zkw0000gp/T/chromatic--95176-Cd2QVRd0GsaY/[22m[2massets/[22m[35mTopBannerLogo-DdBHofIt.css                            [39m[1m[2m    0.43 kB[22m[1m[22m[2m │ gzip:     0.26 kB[22m
[2m../../../../../../../var/folders/kg/1qqqgrd97y5ds1lgjzv14zkw0000gp/T/chromatic--95176-Cd2QVRd0GsaY/[22m[2massets/[22m[35mLabelWithHelp-BNMzAH7w.css                            [39m[1m[2m    0.48 kB[22m[1m[22m[2m │ gzip:     0.30 kB[22m
[2m../../../../../../../var/folders/kg/1qqqgrd97y5ds1lgjzv14zkw0000gp/T/chromatic--95176-Cd2QVRd0GsaY/[22m[2massets/[22m[35mTopBannerExternal-CKKE_gjr.css                        [39m[1m[2m    0.49 kB[22m[1m[22m[2m │ gzip:     0.26 kB[22m
[2m../../../../../../../var/folders/kg/1qqqgrd97y5ds1lgjzv14zkw0000gp/T/chromatic--95176-Cd2QVRd0GsaY/[22m[2massets/[22m[35mDeloppgave-DduW18Dr.css                               [39m[1m[2m    0.50 kB[22m[1m[22m[2m │ gzip:     0.26 kB[22m
[2m../../../../../../../var/folders/kg/1qqqgrd97y5ds1lgjzv14zkw0000gp/T/chromatic--95176-Cd2QVRd0GsaY/[22m[2massets/[22m[35mSkjemaMedSteg-COMlmbSe.css                            [39m[1m[2m    0.90 kB[22m[1m[22m[2m │ gzip:     0.40 kB[22m
[2m../../../../../../../var/folders/kg/1qqqgrd97y5ds1lgjzv14zkw0000gp/T/chromatic--95176-Cd2QVRd0GsaY/[22m[2massets/[22m[35mindex-rLZs60v7.css                                    [39m[1m[2m    1.00 kB[22m[1m[22m[2m │ gzip:     0.29 kB[22m
[2m../../../../../../../var/folders/kg/1qqqgrd97y5ds1lgjzv14zkw0000gp/T/chromatic--95176-Cd2QVRd0GsaY/[22m[2massets/[22m[35mTopBannerLangPickerButton-r2uPu7kf.css                [39m[1m[2m    1.04 kB[22m[1m[22m[2m │ gzip:     0.40 kB[22m
[2m../../../../../../../var/folders/kg/1qqqgrd97y5ds1lgjzv14zkw0000gp/T/chromatic--95176-Cd2QVRd0GsaY/[22m[2massets/[22m[35mTopBannerSkipLink-BUVQ-svZ.css                        [39m[1m[2m    1.07 kB[22m[1m[22m[2m │ gzip:     0.43 kB[22m
[2m../../../../../../../var/folders/kg/1qqqgrd97y5ds1lgjzv14zkw0000gp/T/chromatic--95176-Cd2QVRd0GsaY/[22m[2massets/[22m[35mSaksvisning-IeWwe_Vf.css                              [39m[1m[2m    1.14 kB[22m[1m[22m[2m │ gzip:     0.45 kB[22m
[2m../../../../../../../var/folders/kg/1qqqgrd97y5ds1lgjzv14zkw0000gp/T/chromatic--95176-Cd2QVRd0GsaY/[22m[2massets/[22m[35mKvittering-B5boqS2z.css                               [39m[1m[2m    1.18 kB[22m[1m[22m[2m │ gzip:     0.49 kB[22m
[2m../../../../../../../var/folders/kg/1qqqgrd97y5ds1lgjzv14zkw0000gp/T/chromatic--95176-Cd2QVRd0GsaY/[22m[2massets/[22m[35mRepeterendeFelter-B0czVFAo.css                        [39m[1m[2m    1.34 kB[22m[1m[22m[2m │ gzip:     0.55 kB[22m
[2m../../../../../../../var/folders/kg/1qqqgrd97y5ds1lgjzv14zkw0000gp/T/chromatic--95176-Cd2QVRd0GsaY/[22m[2massets/[22m[35mHelp-CXlW7O0k.css                                     [39m[1m[2m    1.36 kB[22m[1m[22m[2m │ gzip:     0.61 kB[22m
[2m../../../../../../../var/folders/kg/1qqqgrd97y5ds1lgjzv14zkw0000gp/T/chromatic--95176-Cd2QVRd0GsaY/[22m[2massets/[22m[35mindex-RMNgnEdf.css                                    [39m[1m[2m    1.53 kB[22m[1m[22m[2m │ gzip:     0.63 kB[22m
[2m../../../../../../../var/folders/kg/1qqqgrd97y5ds1lgjzv14zkw0000gp/T/chromatic--95176-Cd2QVRd0GsaY/[22m[2massets/[22m[35mOppgaveliste-DxH9Hqra.css                             [39m[1m[2m    1.61 kB[22m[1m[22m[2m │ gzip:     0.64 kB[22m
[2m../../../../../../../var/folders/kg/1qqqgrd97y5ds1lgjzv14zkw0000gp/T/chromatic--95176-Cd2QVRd0GsaY/[22m[2massets/[22m[35mTopBannerButton-BUAcQ6Xu.css                          [39m[1m[2m    3.19 kB[22m[1m[22m[2m │ gzip:     0.67 kB[22m
[2m../../../../../../../var/folders/kg/1qqqgrd97y5ds1lgjzv14zkw0000gp/T/chromatic--95176-Cd2QVRd0GsaY/[22m[2massets/[22m[35mindex-DpWZiFyl.css                                    [39m[1m[2m    4.22 kB[22m[1m[22m[2m │ gzip:     0.87 kB[22m
[2m../../../../../../../var/folders/kg/1qqqgrd97y5ds1lgjzv14zkw0000gp/T/chromatic--95176-Cd2QVRd0GsaY/[22m[2massets/[22m[35mTopBannerLangPicker-b9HptPTC.css                      [39m[1m[2m    4.26 kB[22m[1m[22m[2m │ gzip:     1.05 kB[22m
[2m../../../../../../../var/folders/kg/1qqqgrd97y5ds1lgjzv14zkw0000gp/T/chromatic--95176-Cd2QVRd0GsaY/[22m[2massets/[22m[35mindex-DtjXeRlq.css                                    [39m[1m[2m    4.39 kB[22m[1m[22m[2m │ gzip:     1.21 kB[22m
[2m../../../../../../../var/folders/kg/1qqqgrd97y5ds1lgjzv14zkw0000gp/T/chromatic--95176-Cd2QVRd0GsaY/[22m[2massets/[22m[35mindex-BQNkOs44.css                                    [39m[1m[2m    5.28 kB[22m[1m[22m[2m │ gzip:     1.35 kB[22m
[2m../../../../../../../var/folders/kg/1qqqgrd97y5ds1lgjzv14zkw0000gp/T/chromatic--95176-Cd2QVRd0GsaY/[22m[2massets/[22m[35mindex-ELT3SMsp.css                                    [39m[1m[2m    5.57 kB[22m[1m[22m[2m │ gzip:     0.89 kB[22m
[2m../../../../../../../var/folders/kg/1qqqgrd97y5ds1lgjzv14zkw0000gp/T/chromatic--95176-Cd2QVRd0GsaY/[22m[2massets/[22m[35mindex-Dusotgdk.css                                    [39m[1m[2m    6.38 kB[22m[1m[22m[2m │ gzip:     1.70 kB[22m
[2m../../../../../../../var/folders/kg/1qqqgrd97y5ds1lgjzv14zkw0000gp/T/chromatic--95176-Cd2QVRd0GsaY/[22m[2massets/[22m[35mDatePickerCalendar-DQArHzXS.css                       [39m[1m[2m    9.30 kB[22m[1m[22m[2m │ gzip:     1.87 kB[22m
[2m../../../../../../../var/folders/kg/1qqqgrd97y5ds1lgjzv14zkw0000gp/T/chromatic--95176-Cd2QVRd0GsaY/[22m[2massets/[22m[35mindex-CFNzrh1q.css                                    [39m[1m[2m    9.68 kB[22m[1m[22m[2m │ gzip:     2.21 kB[22m
[2m../../../../../../../var/folders/kg/1qqqgrd97y5ds1lgjzv14zkw0000gp/T/chromatic--95176-Cd2QVRd0GsaY/[22m[2massets/[22m[35mindex-DN2GHc6q.css                                    [39m[1m[2m   11.27 kB[22m[1m[22m[2m │ gzip:     2.26 kB[22m
[2m../../../../../../../var/folders/kg/1qqqgrd97y5ds1lgjzv14zkw0000gp/T/chromatic--95176-Cd2QVRd0GsaY/[22m[2massets/[22m[35mindex-CVL7K3OX.css                                    [39m[1m[2m   17.79 kB[22m[1m[22m[2m │ gzip:     3.30 kB[22m
[2m../../../../../../../var/folders/kg/1qqqgrd97y5ds1lgjzv14zkw0000gp/T/chromatic--95176-Cd2QVRd0GsaY/[22m[2massets/[22m[35miframe-CTRqJeOP.css                                   [39m[1m[2m   19.17 kB[22m[1m[22m[2m │ gzip:     4.56 kB[22m
[2m../../../../../../../var/folders/kg/1qqqgrd97y5ds1lgjzv14zkw0000gp/T/chromatic--95176-Cd2QVRd0GsaY/[22m[2massets/[22m[35mindex-m65LHtP4.css                                    [39m[1m[2m   19.75 kB[22m[1m[22m[2m │ gzip:     2.89 kB[22m
[2m../../../../../../../var/folders/kg/1qqqgrd97y5ds1lgjzv14zkw0000gp/T/chromatic--95176-Cd2QVRd0GsaY/[22m[2massets/[22m[35mindex-D4WLLAY5.css                                    [39m[1m[2m   27.93 kB[22m[1m[22m[2m │ gzip:     4.10 kB[22m
[2m../../../../../../../var/folders/kg/1qqqgrd97y5ds1lgjzv14zkw0000gp/T/chromatic--95176-Cd2QVRd0GsaY/[22m[2massets/[22m[36mske-logo-9lvT_Ggb.js                                  [39m[1m[2m    0.16 kB[22m[1m[22m[2m │ gzip:     0.16 kB[22m[2m │ map:      0.28 kB[22m
[2m../../../../../../../var/folders/kg/1qqqgrd97y5ds1lgjzv14zkw0000gp/T/chromatic--95176-Cd2QVRd0GsaY/[22m[2massets/[22m[36mske-logo-horizontal-white-4s-xHxit.js                 [39m[1m[2m    0.16 kB[22m[1m[22m[2m │ gzip:     0.15 kB[22m[2m │ map:      0.31 kB[22m
[2m../../../../../../../var/folders/kg/1qqqgrd97y5ds1lgjzv14zkw0000gp/T/chromatic--95176-Cd2QVRd0GsaY/[22m[2massets/[22m[36mcustom-logo-Ux4IpfYH.js                               [39m[1m[2m    0.16 kB[22m[1m[22m[2m │ gzip:     0.16 kB[22m[2m │ map:      0.29 kB[22m
[2m../../../../../../../var/folders/kg/1qqqgrd97y5ds1lgjzv14zkw0000gp/T/chromatic--95176-Cd2QVRd0GsaY/[22m[2massets/[22m[36mindex-DnKF3bPR.js                                     [39m[1m[2m    0.17 kB[22m[1m[22m[2m │ gzip:     0.16 kB[22m[2m │ map:      0.10 kB[22m
[2m../../../../../../../var/folders/kg/1qqqgrd97y5ds1lgjzv14zkw0000gp/T/chromatic--95176-Cd2QVRd0GsaY/[22m[2massets/[22m[36mwait-alert-illustration-DI069lVb.js                   [39m[1m[2m    0.26 kB[22m[1m[22m[2m │ gzip:     0.19 kB[22m[2m │ map:      0.53 kB[22m
[2m../../../../../../../var/folders/kg/1qqqgrd97y5ds1lgjzv14zkw0000gp/T/chromatic--95176-Cd2QVRd0GsaY/[22m[2massets/[22m[36mbase-props.types-B340BQPQ.js                          [39m[1m[2m    0.31 kB[22m[1m[22m[2m │ gzip:     0.23 kB[22m[2m │ map:      2.82 kB[22m
[2m../../../../../../../var/folders/kg/1qqqgrd97y5ds1lgjzv14zkw0000gp/T/chromatic--95176-Cd2QVRd0GsaY/[22m[2massets/[22m[36mindex-LSaByt1B.js                                     [39m[1m[2m    0.47 kB[22m[1m[22m[2m │ gzip:     0.31 kB[22m[2m │ map:      3.23 kB[22m
[2m../../../../../../../var/folders/kg/1qqqgrd97y5ds1lgjzv14zkw0000gp/T/chromatic--95176-Cd2QVRd0GsaY/[22m[2massets/[22m[36mstorybook.testing.utils-CMs160i9.js                   [39m[1m[2m    0.56 kB[22m[1m[22m[2m │ gzip:     0.35 kB[22m[2m │ map:      1.07 kB[22m
[2m../../../../../../../var/folders/kg/1qqqgrd97y5ds1lgjzv14zkw0000gp/T/chromatic--95176-Cd2QVRd0GsaY/[22m[2massets/[22m[36mListElement.stories-y8dqlKvG.js                       [39m[1m[2m    0.66 kB[22m[1m[22m[2m │ gzip:     0.44 kB[22m[2m │ map:      1.33 kB[22m
[2m../../../../../../../var/folders/kg/1qqqgrd97y5ds1lgjzv14zkw0000gp/T/chromatic--95176-Cd2QVRd0GsaY/[22m[2massets/[22m[36mErrorSummaryError.stories-DbfWykqo.js                 [39m[1m[2m    0.69 kB[22m[1m[22m[2m │ gzip:     0.45 kB[22m[2m │ map:      1.46 kB[22m
[2m../../../../../../../var/folders/kg/1qqqgrd97y5ds1lgjzv14zkw0000gp/T/chromatic--95176-Cd2QVRd0GsaY/[22m[2massets/[22m[36mSelectOption.stories-BAUm0tEL.js                      [39m[1m[2m    0.71 kB[22m[1m[22m[2m │ gzip:     0.46 kB[22m[2m │ map:      1.44 kB[22m
[2m../../../../../../../var/folders/kg/1qqqgrd97y5ds1lgjzv14zkw0000gp/T/chromatic--95176-Cd2QVRd0GsaY/[22m[2massets/[22m[36mbreakpoints-CU70j-te.js                               [39m[1m[2m    0.75 kB[22m[1m[22m[2m │ gzip:     0.44 kB[22m[2m │ map:      1.30 kB[22m
[2m../../../../../../../var/folders/kg/1qqqgrd97y5ds1lgjzv14zkw0000gp/T/chromatic--95176-Cd2QVRd0GsaY/[22m[2massets/[22m[36mTabsPanel.stories-C2-akAM8.js                         [39m[1m[2m    0.77 kB[22m[1m[22m[2m │ gzip:     0.44 kB[22m[2m │ map:      1.50 kB[22m
[2m../../../../../../../var/folders/kg/1qqqgrd97y5ds1lgjzv14zkw0000gp/T/chromatic--95176-Cd2QVRd0GsaY/[22m[2massets/[22m[36mDescriptionListElement.stories-C-fL9nnM.js            [39m[1m[2m    0.81 kB[22m[1m[22m[2m │ gzip:     0.51 kB[22m[2m │ map:      1.67 kB[22m
[2m../../../../../../../var/folders/kg/1qqqgrd97y5ds1lgjzv14zkw0000gp/T/chromatic--95176-Cd2QVRd0GsaY/[22m[2massets/[22m[36mTabsList.stories-C-r6n0TS.js                          [39m[1m[2m    0.82 kB[22m[1m[22m[2m │ gzip:     0.48 kB[22m[2m │ map:      1.65 kB[22m
[2m../../../../../../../var/folders/kg/1qqqgrd97y5ds1lgjzv14zkw0000gp/T/chromatic--95176-Cd2QVRd0GsaY/[22m[2massets/[22m[36mBreadcrumbsItem.stories-CHri1Tkg.js                   [39m[1m[2m    0.83 kB[22m[1m[22m[2m │ gzip:     0.48 kB[22m[2m │ map:      1.86 kB[22m
[2m../../../../../../../var/folders/kg/1qqqgrd97y5ds1lgjzv14zkw0000gp/T/chromatic--95176-Cd2QVRd0GsaY/[22m[2massets/[22m[36mreact-18-DuOTUytJ.js                                  [39m[1m[2m    0.85 kB[22m[1m[22m[2m │ gzip:     0.51 kB[22m[2m │ map:      2.63 kB[22m
[2m../../../../../../../var/folders/kg/1qqqgrd97y5ds1lgjzv14zkw0000gp/T/chromatic--95176-Cd2QVRd0GsaY/[22m[2massets/[22m[36mTableBody.stories-Dze3Aakb.js                         [39m[1m[2m    0.87 kB[22m[1m[22m[2m │ gzip:     0.46 kB[22m[2m │ map:      1.98 kB[22m
[2m../../../../../../../var/folders/kg/1qqqgrd97y5ds1lgjzv14zkw0000gp/T/chromatic--95176-Cd2QVRd0GsaY/[22m[2massets/[22m[36mFooterLogo.stories-Iw2h-aat.js                        [39m[1m[2m    0.87 kB[22m[1m[22m[2m │ gzip:     0.54 kB[22m[2m │ map:      1.65 kB[22m
[2m../../../../../../../var/folders/kg/1qqqgrd97y5ds1lgjzv14zkw0000gp/T/chromatic--95176-Cd2QVRd0GsaY/[22m[2massets/[22m[36mChipsRemovable.stories-P2waKXZk.js                    [39m[1m[2m    0.89 kB[22m[1m[22m[2m │ gzip:     0.50 kB[22m[2m │ map:      2.05 kB[22m
[2m../../../../../../../var/folders/kg/1qqqgrd97y5ds1lgjzv14zkw0000gp/T/chromatic--95176-Cd2QVRd0GsaY/[22m[2massets/[22m[36mTopBannerExternalUserMenu.stories-BjerB0NK.js         [39m[1m[2m    0.91 kB[22m[1m[22m[2m │ gzip:     0.54 kB[22m[2m │ map:      2.34 kB[22m
[2m../../../../../../../var/folders/kg/1qqqgrd97y5ds1lgjzv14zkw0000gp/T/chromatic--95176-Cd2QVRd0GsaY/[22m[2massets/[22m[36mTableDataCell.stories-bPi4WmgO.js                     [39m[1m[2m    0.92 kB[22m[1m[22m[2m │ gzip:     0.48 kB[22m[2m │ map:      2.40 kB[22m
[2m../../../../../../../var/folders/kg/1qqqgrd97y5ds1lgjzv14zkw0000gp/T/chromatic--95176-Cd2QVRd0GsaY/[22m[2massets/[22m[36mTableHeader.stories-VOu4Xx3y.js                       [39m[1m[2m    0.92 kB[22m[1m[22m[2m │ gzip:     0.46 kB[22m[2m │ map:      1.97 kB[22m
[2m../../../../../../../var/folders/kg/1qqqgrd97y5ds1lgjzv14zkw0000gp/T/chromatic--95176-Cd2QVRd0GsaY/[22m[2massets/[22m[36mCardActions.stories-CV0WPLz5.js                       [39m[1m[2m    0.95 kB[22m[1m[22m[2m │ gzip:     0.56 kB[22m[2m │ map:      1.91 kB[22m
[2m../../../../../../../var/folders/kg/1qqqgrd97y5ds1lgjzv14zkw0000gp/T/chromatic--95176-Cd2QVRd0GsaY/[22m[2massets/[22m[36mFooterLink.stories-Ce3AJvdU.js                        [39m[1m[2m    0.95 kB[22m[1m[22m[2m │ gzip:     0.56 kB[22m[2m │ map:      1.65 kB[22m
[2m../../../../../../../var/folders/kg/1qqqgrd97y5ds1lgjzv14zkw0000gp/T/chromatic--95176-Cd2QVRd0GsaY/[22m[2massets/[22m[36mTopBannerInternalActionMenu.stories-CKlSN4kY.js       [39m[1m[2m    0.95 kB[22m[1m[22m[2m │ gzip:     0.59 kB[22m[2m │ map:      2.00 kB[22m
[2m../../../../../../../var/folders/kg/1qqqgrd97y5ds1lgjzv14zkw0000gp/T/chromatic--95176-Cd2QVRd0GsaY/[22m[2massets/[22m[36mindex-D3GjUKSb.js                                     [39m[1m[2m    1.00 kB[22m[1m[22m[2m │ gzip:     0.64 kB[22m[2m │ map:      4.71 kB[22m
[2m../../../../../../../var/folders/kg/1qqqgrd97y5ds1lgjzv14zkw0000gp/T/chromatic--95176-Cd2QVRd0GsaY/[22m[2massets/[22m[36micon.themes-CZB-E8h4.js                               [39m[1m[2m    1.04 kB[22m[1m[22m[2m │ gzip:     0.58 kB[22m[2m │ map:      0.48 kB[22m
[2m../../../../../../../var/folders/kg/1qqqgrd97y5ds1lgjzv14zkw0000gp/T/chromatic--95176-Cd2QVRd0GsaY/[22m[2massets/[22m[36micon.systems-DhVva-nB.js                              [39m[1m[2m    1.04 kB[22m[1m[22m[2m │ gzip:     0.58 kB[22m[2m │ map:      0.48 kB[22m
[2m../../../../../../../var/folders/kg/1qqqgrd97y5ds1lgjzv14zkw0000gp/T/chromatic--95176-Cd2QVRd0GsaY/[22m[2massets/[22m[36mTableHeaderCell.stories-BHmdoOsv.js                   [39m[1m[2m    1.05 kB[22m[1m[22m[2m │ gzip:     0.52 kB[22m[2m │ map:      2.77 kB[22m
[2m../../../../../../../var/folders/kg/1qqqgrd97y5ds1lgjzv14zkw0000gp/T/chromatic--95176-Cd2QVRd0GsaY/[22m[2massets/[22m[36mCardContent.stories-B4Q1smgp.js                       [39m[1m[2m    1.05 kB[22m[1m[22m[2m │ gzip:     0.58 kB[22m[2m │ map:      2.25 kB[22m
[2m../../../../../../../var/folders/kg/1qqqgrd97y5ds1lgjzv14zkw0000gp/T/chromatic--95176-Cd2QVRd0GsaY/[22m[2massets/[22m[36mRadio.stories-DBbnrvRX.js                             [39m[1m[2m    1.07 kB[22m[1m[22m[2m │ gzip:     0.57 kB[22m[2m │ map:      2.22 kB[22m
[2m../../../../../../../var/folders/kg/1qqqgrd97y5ds1lgjzv14zkw0000gp/T/chromatic--95176-Cd2QVRd0GsaY/[22m[2massets/[22m[36mChipsToggle.stories-Cv9lGZhC.js                       [39m[1m[2m    1.08 kB[22m[1m[22m[2m │ gzip:     0.54 kB[22m[2m │ map:      2.84 kB[22m
[2m../../../../../../../var/folders/kg/1qqqgrd97y5ds1lgjzv14zkw0000gp/T/chromatic--95176-Cd2QVRd0GsaY/[22m[2massets/[22m[36mCardHeader.stories-lHWwNgtA.js                        [39m[1m[2m    1.08 kB[22m[1m[22m[2m │ gzip:     0.60 kB[22m[2m │ map:      2.30 kB[22m
[2m../../../../../../../var/folders/kg/1qqqgrd97y5ds1lgjzv14zkw0000gp/T/chromatic--95176-Cd2QVRd0GsaY/[22m[2massets/[22m[36mBreadcrumbsLink.stories-livMvBHe.js                   [39m[1m[2m    1.13 kB[22m[1m[22m[2m │ gzip:     0.60 kB[22m[2m │ map:      2.78 kB[22m
[2m../../../../../../../var/folders/kg/1qqqgrd97y5ds1lgjzv14zkw0000gp/T/chromatic--95176-Cd2QVRd0GsaY/[22m[2massets/[22m[36mTabsTab.stories-DbroaFbO.js                           [39m[1m[2m    1.16 kB[22m[1m[22m[2m │ gzip:     0.61 kB[22m[2m │ map:      2.56 kB[22m
[2m../../../../../../../var/folders/kg/1qqqgrd97y5ds1lgjzv14zkw0000gp/T/chromatic--95176-Cd2QVRd0GsaY/[22m[2massets/[22m[36mSystemIcon-D36BO2qk.js                                [39m[1m[2m    1.16 kB[22m[1m[22m[2m │ gzip:     0.60 kB[22m[2m │ map:      1.77 kB[22m
[2m../../../../../../../var/folders/kg/1qqqgrd97y5ds1lgjzv14zkw0000gp/T/chromatic--95176-Cd2QVRd0GsaY/[22m[2massets/[22m[36mTableSum.stories-DlSgHNir.js                          [39m[1m[2m    1.17 kB[22m[1m[22m[2m │ gzip:     0.61 kB[22m[2m │ map:      2.88 kB[22m
[2m../../../../../../../var/folders/kg/1qqqgrd97y5ds1lgjzv14zkw0000gp/T/chromatic--95176-Cd2QVRd0GsaY/[22m[2massets/[22m[36mstyles-C2ecQZ8m.js                                    [39m[1m[2m    1.20 kB[22m[1m[22m[2m │ gzip:     0.60 kB[22m[2m │ map:      1.89 kB[22m
[2m../../../../../../../var/folders/kg/1qqqgrd97y5ds1lgjzv14zkw0000gp/T/chromatic--95176-Cd2QVRd0GsaY/[22m[2massets/[22m[36mThemeIcon-DR4qqiAs.js                                 [39m[1m[2m    1.28 kB[22m[1m[22m[2m │ gzip:     0.66 kB[22m[2m │ map:      1.93 kB[22m
[2m../../../../../../../var/folders/kg/1qqqgrd97y5ds1lgjzv14zkw0000gp/T/chromatic--95176-Cd2QVRd0GsaY/[22m[2massets/[22m[36mBreadcrumbsList.stories-CIvuxcX2.js                   [39m[1m[2m    1.30 kB[22m[1m[22m[2m │ gzip:     0.62 kB[22m[2m │ map:      3.64 kB[22m
[2m../../../../../../../var/folders/kg/1qqqgrd97y5ds1lgjzv14zkw0000gp/T/chromatic--95176-Cd2QVRd0GsaY/[22m[2massets/[22m[36mDocsRenderer-PQXLIZUC-CayUMFF2.js                     [39m[1m[2m    1.33 kB[22m[1m[22m[2m │ gzip:     0.74 kB[22m[2m │ map:      2.72 kB[22m
[2m../../../../../../../var/folders/kg/1qqqgrd97y5ds1lgjzv14zkw0000gp/T/chromatic--95176-Cd2QVRd0GsaY/[22m[2massets/[22m[36mTableEditableRow.stories-Du4uC62h.js                  [39m[1m[2m    1.35 kB[22m[1m[22m[2m │ gzip:     0.64 kB[22m[2m │ map:      3.23 kB[22m
[2m../../../../../../../var/folders/kg/1qqqgrd97y5ds1lgjzv14zkw0000gp/T/chromatic--95176-Cd2QVRd0GsaY/[22m[2massets/[22m[36mSpinner-BXVRK35L.js                                   [39m[1m[2m    1.38 kB[22m[1m[22m[2m │ gzip:     0.71 kB[22m[2m │ map:      2.24 kB[22m
[2m../../../../../../../var/folders/kg/1qqqgrd97y5ds1lgjzv14zkw0000gp/T/chromatic--95176-Cd2QVRd0GsaY/[22m[2massets/[22m[36mMegaButton-gzKo783e.js                                [39m[1m[2m    1.40 kB[22m[1m[22m[2m │ gzip:     0.71 kB[22m[2m │ map:      2.28 kB[22m
[2m../../../../../../../var/folders/kg/1qqqgrd97y5ds1lgjzv14zkw0000gp/T/chromatic--95176-Cd2QVRd0GsaY/[22m[2massets/[22m[36mCardAlert.stories-Dq1XRVze.js                         [39m[1m[2m    1.41 kB[22m[1m[22m[2m │ gzip:     0.72 kB[22m[2m │ map:      3.71 kB[22m
[2m../../../../../../../var/folders/kg/1qqqgrd97y5ds1lgjzv14zkw0000gp/T/chromatic--95176-Cd2QVRd0GsaY/[22m[2massets/[22m[36mHeading-QInsPJwF.js                                   [39m[1m[2m    1.42 kB[22m[1m[22m[2m │ gzip:     0.72 kB[22m[2m │ map:      2.26 kB[22m
[2m../../../../../../../var/folders/kg/1qqqgrd97y5ds1lgjzv14zkw0000gp/T/chromatic--95176-Cd2QVRd0GsaY/[22m[2massets/[22m[36mLinkGroup-Ca7HW5MK.js                                 [39m[1m[2m    1.43 kB[22m[1m[22m[2m │ gzip:     0.73 kB[22m[2m │ map:      2.27 kB[22m
[2m../../../../../../../var/folders/kg/1qqqgrd97y5ds1lgjzv14zkw0000gp/T/chromatic--95176-Cd2QVRd0GsaY/[22m[2massets/[22m[36mButton-BkxC2T-V.js                                    [39m[1m[2m    1.44 kB[22m[1m[22m[2m │ gzip:     0.72 kB[22m[2m │ map:      2.23 kB[22m
[2m../../../../../../../var/folders/kg/1qqqgrd97y5ds1lgjzv14zkw0000gp/T/chromatic--95176-Cd2QVRd0GsaY/[22m[2massets/[22m[36mScrollToTopButton-CHOYSwS7.js                         [39m[1m[2m    1.45 kB[22m[1m[22m[2m │ gzip:     0.72 kB[22m[2m │ map:      2.37 kB[22m
[2m../../../../../../../var/folders/kg/1qqqgrd97y5ds1lgjzv14zkw0000gp/T/chromatic--95176-Cd2QVRd0GsaY/[22m[2massets/[22m[36mTabs-Wng_0vXL.js                                      [39m[1m[2m    1.45 kB[22m[1m[22m[2m │ gzip:     0.73 kB[22m[2m │ map:      2.21 kB[22m
[2m../../../../../../../var/folders/kg/1qqqgrd97y5ds1lgjzv14zkw0000gp/T/chromatic--95176-Cd2QVRd0GsaY/[22m[2massets/[22m[36mChips-PpvWQP_A.js                                     [39m[1m[2m    1.46 kB[22m[1m[22m[2m │ gzip:     0.73 kB[22m[2m │ map:      2.23 kB[22m
[2m../../../../../../../var/folders/kg/1qqqgrd97y5ds1lgjzv14zkw0000gp/T/chromatic--95176-Cd2QVRd0GsaY/[22m[2massets/[22m[36mAlert-BdPjB_Jz.js                                     [39m[1m[2m    1.46 kB[22m[1m[22m[2m │ gzip:     0.74 kB[22m[2m │ map:      2.22 kB[22m
[2m../../../../../../../var/folders/kg/1qqqgrd97y5ds1lgjzv14zkw0000gp/T/chromatic--95176-Cd2QVRd0GsaY/[22m[2massets/[22m[36mTag-VOqWWmdg.js                                       [39m[1m[2m    1.47 kB[22m[1m[22m[2m │ gzip:     0.75 kB[22m[2m │ map:      2.21 kB[22m
[2m../../../../../../../var/folders/kg/1qqqgrd97y5ds1lgjzv14zkw0000gp/T/chromatic--95176-Cd2QVRd0GsaY/[22m[2massets/[22m[36mInlineButton-HIjoK2Fr.js                              [39m[1m[2m    1.48 kB[22m[1m[22m[2m │ gzip:     0.73 kB[22m[2m │ map:      2.30 kB[22m
[2m../../../../../../../var/folders/kg/1qqqgrd97y5ds1lgjzv14zkw0000gp/T/chromatic--95176-Cd2QVRd0GsaY/[22m[2massets/[22m[36mParagraph-D2DHej6A.js                                 [39m[1m[2m    1.48 kB[22m[1m[22m[2m │ gzip:     0.74 kB[22m[2m │ map:      2.28 kB[22m
[2m../../../../../../../var/folders/kg/1qqqgrd97y5ds1lgjzv14zkw0000gp/T/chromatic--95176-Cd2QVRd0GsaY/[22m[2massets/[22m[36mBlockquote-f4vGX3of.js                                [39m[1m[2m    1.49 kB[22m[1m[22m[2m │ gzip:     0.74 kB[22m[2m │ map:      2.30 kB[22m
[2m../../../../../../../var/folders/kg/1qqqgrd97y5ds1lgjzv14zkw0000gp/T/chromatic--95176-Cd2QVRd0GsaY/[22m[2massets/[22m[36mPopoverContent.stories-DTGIkvFl.js                    [39m[1m[2m    1.49 kB[22m[1m[22m[2m │ gzip:     0.75 kB[22m[2m │ map:      1.99 kB[22m
[2m../../../../../../../var/folders/kg/1qqqgrd97y5ds1lgjzv14zkw0000gp/T/chromatic--95176-Cd2QVRd0GsaY/[22m[2massets/[22m[36mIconGallery-Crf1p8PP.js                               [39m[1m[2m    1.50 kB[22m[1m[22m[2m │ gzip:     0.72 kB[22m[2m │ map:      2.97 kB[22m
[2m../../../../../../../var/folders/kg/1qqqgrd97y5ds1lgjzv14zkw0000gp/T/chromatic--95176-Cd2QVRd0GsaY/[22m[2massets/[22m[36mDivider-DkJKktIQ.js                                   [39m[1m[2m    1.50 kB[22m[1m[22m[2m │ gzip:     0.75 kB[22m[2m │ map:      2.37 kB[22m
[2m../../../../../../../var/folders/kg/1qqqgrd97y5ds1lgjzv14zkw0000gp/T/chromatic--95176-Cd2QVRd0GsaY/[22m[2massets/[22m[36mBlockquote.stories-CDnXQlr7.js                        [39m[1m[2m    1.50 kB[22m[1m[22m[2m │ gzip:     0.74 kB[22m[2m │ map:      2.54 kB[22m
[2m../../../../../../../var/folders/kg/1qqqgrd97y5ds1lgjzv14zkw0000gp/T/chromatic--95176-Cd2QVRd0GsaY/[22m[2massets/[22m[36mIconButton-CqkepfCp.js                                [39m[1m[2m    1.51 kB[22m[1m[22m[2m │ gzip:     0.75 kB[22m[2m │ map:      2.28 kB[22m
[2m../../../../../../../var/folders/kg/1qqqgrd97y5ds1lgjzv14zkw0000gp/T/chromatic--95176-Cd2QVRd0GsaY/[22m[2massets/[22m[36mstories.utils-DfKqE3Pe.js                             [39m[1m[2m    1.53 kB[22m[1m[22m[2m │ gzip:     0.80 kB[22m[2m │ map:      1.06 kB[22m
[2m../../../../../../../var/folders/kg/1qqqgrd97y5ds1lgjzv14zkw0000gp/T/chromatic--95176-Cd2QVRd0GsaY/[22m[2massets/[22m[36mNavigationTile-D29aXcSH.js                            [39m[1m[2m    1.53 kB[22m[1m[22m[2m │ gzip:     0.75 kB[22m[2m │ map:      2.34 kB[22m
[2m../../../../../../../var/folders/kg/1qqqgrd97y5ds1lgjzv14zkw0000gp/T/chromatic--95176-Cd2QVRd0GsaY/[22m[2massets/[22m[36mOpenClose-Bbff4xPs.js                                 [39m[1m[2m    1.53 kB[22m[1m[22m[2m │ gzip:     0.76 kB[22m[2m │ map:      2.27 kB[22m
[2m../../../../../../../var/folders/kg/1qqqgrd97y5ds1lgjzv14zkw0000gp/T/chromatic--95176-Cd2QVRd0GsaY/[22m[2massets/[22m[36mAccordionItem.stories-7McDmRzR.js                     [39m[1m[2m    1.56 kB[22m[1m[22m[2m │ gzip:     0.78 kB[22m[2m │ map:      3.66 kB[22m
[2m../../../../../../../var/folders/kg/1qqqgrd97y5ds1lgjzv14zkw0000gp/T/chromatic--95176-Cd2QVRd0GsaY/[22m[2massets/[22m[36mList-DdrfvHWT.js                                      [39m[1m[2m    1.57 kB[22m[1m[22m[2m │ gzip:     0.76 kB[22m[2m │ map:      2.54 kB[22m
[2m../../../../../../../var/folders/kg/1qqqgrd97y5ds1lgjzv14zkw0000gp/T/chromatic--95176-Cd2QVRd0GsaY/[22m[2massets/[22m[36mMegaButton.stories-C4FsEZXQ.js                        [39m[1m[2m    1.58 kB[22m[1m[22m[2m │ gzip:     0.74 kB[22m[2m │ map:      3.78 kB[22m
[2m../../../../../../../var/folders/kg/1qqqgrd97y5ds1lgjzv14zkw0000gp/T/chromatic--95176-Cd2QVRd0GsaY/[22m[2massets/[22m[36mIconGallery.test.stories-6o3oJRBE.js                  [39m[1m[2m    1.58 kB[22m[1m[22m[2m │ gzip:     0.67 kB[22m[2m │ map:      3.58 kB[22m
[2m../../../../../../../var/folders/kg/1qqqgrd97y5ds1lgjzv14zkw0000gp/T/chromatic--95176-Cd2QVRd0GsaY/[22m[2massets/[22m[36mCheckbox-C0XxOXOd.js                                  [39m[1m[2m    1.60 kB[22m[1m[22m[2m │ gzip:     0.80 kB[22m[2m │ map:      2.25 kB[22m
[2m../../../../../../../var/folders/kg/1qqqgrd97y5ds1lgjzv14zkw0000gp/T/chromatic--95176-Cd2QVRd0GsaY/[22m[2massets/[22m[36mErrorMessage-CPKLT8Sn.js                              [39m[1m[2m    1.62 kB[22m[1m[22m[2m │ gzip:     0.80 kB[22m[2m │ map:      2.30 kB[22m
[2m../../../../../../../var/folders/kg/1qqqgrd97y5ds1lgjzv14zkw0000gp/T/chromatic--95176-Cd2QVRd0GsaY/[22m[2massets/[22m[36mStepList-BG0zE_Z7.js                                  [39m[1m[2m    1.64 kB[22m[1m[22m[2m │ gzip:     0.81 kB[22m[2m │ map:      2.26 kB[22m
[2m../../../../../../../var/folders/kg/1qqqgrd97y5ds1lgjzv14zkw0000gp/T/chromatic--95176-Cd2QVRd0GsaY/[22m[2massets/[22m[36mFieldset-D4uD5-HL.js                                  [39m[1m[2m    1.66 kB[22m[1m[22m[2m │ gzip:     0.82 kB[22m[2m │ map:      2.25 kB[22m
[2m../../../../../../../var/folders/kg/1qqqgrd97y5ds1lgjzv14zkw0000gp/T/chromatic--95176-Cd2QVRd0GsaY/[22m[2massets/[22m[36mTextArea-4lmfK_gN.js                                  [39m[1m[2m    1.66 kB[22m[1m[22m[2m │ gzip:     0.83 kB[22m[2m │ map:      2.25 kB[22m
[2m../../../../../../../var/folders/kg/1qqqgrd97y5ds1lgjzv14zkw0000gp/T/chromatic--95176-Cd2QVRd0GsaY/[22m[2massets/[22m[36mPanel-CzJdgDcf.js                                     [39m[1m[2m    1.67 kB[22m[1m[22m[2m │ gzip:     0.84 kB[22m[2m │ map:      2.52 kB[22m
[2m../../../../../../../var/folders/kg/1qqqgrd97y5ds1lgjzv14zkw0000gp/T/chromatic--95176-Cd2QVRd0GsaY/[22m[2massets/[22m[36mDatePicker-CFaC2bNw.js                                [39m[1m[2m    1.68 kB[22m[1m[22m[2m │ gzip:     0.82 kB[22m[2m │ map:      2.27 kB[22m
[2m../../../../../../../var/folders/kg/1qqqgrd97y5ds1lgjzv14zkw0000gp/T/chromatic--95176-Cd2QVRd0GsaY/[22m[2massets/[22m[36mRadioGroup-BgbjD7-U.js                                [39m[1m[2m    1.68 kB[22m[1m[22m[2m │ gzip:     0.83 kB[22m[2m │ map:      2.28 kB[22m
[2m../../../../../../../var/folders/kg/1qqqgrd97y5ds1lgjzv14zkw0000gp/T/chromatic--95176-Cd2QVRd0GsaY/[22m[2massets/[22m[36mSearchField-DkLVWWEZ.js                               [39m[1m[2m    1.69 kB[22m[1m[22m[2m │ gzip:     0.83 kB[22m[2m │ map:      2.29 kB[22m
[2m../../../../../../../var/folders/kg/1qqqgrd97y5ds1lgjzv14zkw0000gp/T/chromatic--95176-Cd2QVRd0GsaY/[22m[2massets/[22m[36mCheckboxGroup-Q74wZsfx.js                             [39m[1m[2m    1.70 kB[22m[1m[22m[2m │ gzip:     0.83 kB[22m[2m │ map:      2.31 kB[22m
[2m../../../../../../../var/folders/kg/1qqqgrd97y5ds1lgjzv14zkw0000gp/T/chromatic--95176-Cd2QVRd0GsaY/[22m[2massets/[22m[36mPopover-3Rfox3AX.js                                   [39m[1m[2m    1.76 kB[22m[1m[22m[2m │ gzip:     0.86 kB[22m[2m │ map:      2.24 kB[22m
[2m../../../../../../../var/folders/kg/1qqqgrd97y5ds1lgjzv14zkw0000gp/T/chromatic--95176-Cd2QVRd0GsaY/[22m[2massets/[22m[36mErrorSummary-Ct8-3N9f.js                              [39m[1m[2m    1.81 kB[22m[1m[22m[2m │ gzip:     0.84 kB[22m[2m │ map:      2.65 kB[22m
[2m../../../../../../../var/folders/kg/1qqqgrd97y5ds1lgjzv14zkw0000gp/T/chromatic--95176-Cd2QVRd0GsaY/[22m[2massets/[22m[36mSelect-DUEpOGt3.js                                    [39m[1m[2m    1.82 kB[22m[1m[22m[2m │ gzip:     0.86 kB[22m[2m │ map:      2.55 kB[22m
[2m../../../../../../../var/folders/kg/1qqqgrd97y5ds1lgjzv14zkw0000gp/T/chromatic--95176-Cd2QVRd0GsaY/[22m[2massets/[22m[36mStepListStep.stories-Bk0Qvb7_.js                      [39m[1m[2m    1.85 kB[22m[1m[22m[2m │ gzip:     0.75 kB[22m[2m │ map:      5.48 kB[22m
[2m../../../../../../../var/folders/kg/1qqqgrd97y5ds1lgjzv14zkw0000gp/T/chromatic--95176-Cd2QVRd0GsaY/[22m[2massets/[22m[36mPopoverTrigger.stories-BN9xCVvi.js                    [39m[1m[2m    1.88 kB[22m[1m[22m[2m │ gzip:     0.95 kB[22m[2m │ map:      3.47 kB[22m
[2m../../../../../../../var/folders/kg/1qqqgrd97y5ds1lgjzv14zkw0000gp/T/chromatic--95176-Cd2QVRd0GsaY/[22m[2massets/[22m[36mTag.stories-Y6JK2C7P.js                               [39m[1m[2m    1.90 kB[22m[1m[22m[2m │ gzip:     0.89 kB[22m[2m │ map:      3.66 kB[22m
[2m../../../../../../../var/folders/kg/1qqqgrd97y5ds1lgjzv14zkw0000gp/T/chromatic--95176-Cd2QVRd0GsaY/[22m[2massets/[22m[36mScrollToTopButton.stories-wCq_Cckk.js                 [39m[1m[2m    1.90 kB[22m[1m[22m[2m │ gzip:     0.85 kB[22m[2m │ map:      4.05 kB[22m
[2m../../../../../../../var/folders/kg/1qqqgrd97y5ds1lgjzv14zkw0000gp/T/chromatic--95176-Cd2QVRd0GsaY/[22m[2massets/[22m[36mCard-C7qjyQij.js                                      [39m[1m[2m    1.95 kB[22m[1m[22m[2m │ gzip:     0.94 kB[22m[2m │ map:      2.94 kB[22m
[2m../../../../../../../var/folders/kg/1qqqgrd97y5ds1lgjzv14zkw0000gp/T/chromatic--95176-Cd2QVRd0GsaY/[22m[2massets/[22m[36mModal-DccOnhab.js                                     [39m[1m[2m    1.96 kB[22m[1m[22m[2m │ gzip:     0.91 kB[22m[2m │ map:      2.67 kB[22m
[2m../../../../../../../var/folders/kg/1qqqgrd97y5ds1lgjzv14zkw0000gp/T/chromatic--95176-Cd2QVRd0GsaY/[22m[2massets/[22m[36mThemeIcon.stories-DXl6sS0c.js                         [39m[1m[2m    1.98 kB[22m[1m[22m[2m │ gzip:     0.90 kB[22m[2m │ map:      4.17 kB[22m
[2m../../../../../../../var/folders/kg/1qqqgrd97y5ds1lgjzv14zkw0000gp/T/chromatic--95176-Cd2QVRd0GsaY/[22m[2massets/[22m[36mDocHeaderWrapper-o94pxNnm.js                          [39m[1m[2m    1.98 kB[22m[1m[22m[2m │ gzip:     0.92 kB[22m[2m │ map:      1.21 kB[22m
[2m../../../../../../../var/folders/kg/1qqqgrd97y5ds1lgjzv14zkw0000gp/T/chromatic--95176-Cd2QVRd0GsaY/[22m[2massets/[22m[36mRolePicker-B-lKxMvC.js                                [39m[1m[2m    2.00 kB[22m[1m[22m[2m │ gzip:     0.94 kB[22m[2m │ map:      2.32 kB[22m
[2m../../../../../../../var/folders/kg/1qqqgrd97y5ds1lgjzv14zkw0000gp/T/chromatic--95176-Cd2QVRd0GsaY/[22m[2massets/[22m[36mTabsList.test.stories-CmAsmtgQ.js                     [39m[1m[2m    2.06 kB[22m[1m[22m[2m │ gzip:     0.79 kB[22m[2m │ map:      3.54 kB[22m
[2m../../../../../../../var/folders/kg/1qqqgrd97y5ds1lgjzv14zkw0000gp/T/chromatic--95176-Cd2QVRd0GsaY/[22m[2massets/[22m[36mSystemIcon.stories-BBIP8Z7D.js                        [39m[1m[2m    2.08 kB[22m[1m[22m[2m │ gzip:     0.85 kB[22m[2m │ map:      4.10 kB[22m
[2m../../../../../../../var/folders/kg/1qqqgrd97y5ds1lgjzv14zkw0000gp/T/chromatic--95176-Cd2QVRd0GsaY/[22m[2massets/[22m[36mTextField-B3QMfHii.js                                 [39m[1m[2m    2.08 kB[22m[1m[22m[2m │ gzip:     1.05 kB[22m[2m │ map:      2.82 kB[22m
[2m../../../../../../../var/folders/kg/1qqqgrd97y5ds1lgjzv14zkw0000gp/T/chromatic--95176-Cd2QVRd0GsaY/[22m[2massets/[22m[36mBreadcrumbs-BkcVdmEZ.js                               [39m[1m[2m    2.09 kB[22m[1m[22m[2m │ gzip:     0.96 kB[22m[2m │ map:      2.56 kB[22m
[2m../../../../../../../var/folders/kg/1qqqgrd97y5ds1lgjzv14zkw0000gp/T/chromatic--95176-Cd2QVRd0GsaY/[22m[2massets/[22m[36mErrorMessage.stories-GJ4PbItS.js                      [39m[1m[2m    2.19 kB[22m[1m[22m[2m │ gzip:     1.01 kB[22m[2m │ map:      3.40 kB[22m
[2m../../../../../../../var/folders/kg/1qqqgrd97y5ds1lgjzv14zkw0000gp/T/chromatic--95176-Cd2QVRd0GsaY/[22m[2massets/[22m[36mOppgaveliste-BMhJW4Ew.js                              [39m[1m[2m    2.22 kB[22m[1m[22m[2m │ gzip:     1.03 kB[22m[2m │ map:      2.35 kB[22m
[2m../../../../../../../var/folders/kg/1qqqgrd97y5ds1lgjzv14zkw0000gp/T/chromatic--95176-Cd2QVRd0GsaY/[22m[2massets/[22m[36mTopBannerInternal-Bn1Jl-sQ.js                         [39m[1m[2m    2.23 kB[22m[1m[22m[2m │ gzip:     0.99 kB[22m[2m │ map:      2.77 kB[22m
[2m../../../../../../../var/folders/kg/1qqqgrd97y5ds1lgjzv14zkw0000gp/T/chromatic--95176-Cd2QVRd0GsaY/[22m[2massets/[22m[36mTable-BduGZx59.js                                     [39m[1m[2m    2.25 kB[22m[1m[22m[2m │ gzip:     0.96 kB[22m[2m │ map:      3.75 kB[22m
[2m../../../../../../../var/folders/kg/1qqqgrd97y5ds1lgjzv14zkw0000gp/T/chromatic--95176-Cd2QVRd0GsaY/[22m[2massets/[22m[36mInlineButton.stories-BOXLaert.js                      [39m[1m[2m    2.29 kB[22m[1m[22m[2m │ gzip:     0.96 kB[22m[2m │ map:      5.41 kB[22m
[2m../../../../../../../var/folders/kg/1qqqgrd97y5ds1lgjzv14zkw0000gp/T/chromatic--95176-Cd2QVRd0GsaY/[22m[2massets/[22m[36mFileUploader-HCduOQ-I.js                              [39m[1m[2m    2.30 kB[22m[1m[22m[2m │ gzip:     1.12 kB[22m[2m │ map:      3.13 kB[22m
[2m../../../../../../../var/folders/kg/1qqqgrd97y5ds1lgjzv14zkw0000gp/T/chromatic--95176-Cd2QVRd0GsaY/[22m[2massets/[22m[36mHeading.stories-ldkJ4MLq.js                           [39m[1m[2m    2.30 kB[22m[1m[22m[2m │ gzip:     0.81 kB[22m[2m │ map:      3.82 kB[22m
[2m../../../../../../../var/folders/kg/1qqqgrd97y5ds1lgjzv14zkw0000gp/T/chromatic--95176-Cd2QVRd0GsaY/[22m[2massets/[22m[36mFooter-gUET4i1G.js                                    [39m[1m[2m    2.41 kB[22m[1m[22m[2m │ gzip:     1.06 kB[22m[2m │ map:      2.82 kB[22m
[2m../../../../../../../var/folders/kg/1qqqgrd97y5ds1lgjzv14zkw0000gp/T/chromatic--95176-Cd2QVRd0GsaY/[22m[2massets/[22m[36mFieldset.stories-C0W-5RSG.js                          [39m[1m[2m    2.42 kB[22m[1m[22m[2m │ gzip:     1.00 kB[22m[2m │ map:      4.95 kB[22m
[2m../../../../../../../var/folders/kg/1qqqgrd97y5ds1lgjzv14zkw0000gp/T/chromatic--95176-Cd2QVRd0GsaY/[22m[2massets/[22m[36mLink.stories-Ci_XMEIC.js                              [39m[1m[2m    2.52 kB[22m[1m[22m[2m │ gzip:     1.01 kB[22m[2m │ map:      4.61 kB[22m
[2m../../../../../../../var/folders/kg/1qqqgrd97y5ds1lgjzv14zkw0000gp/T/chromatic--95176-Cd2QVRd0GsaY/[22m[2massets/[22m[36mAccordion-ilNuhSj1.js                                 [39m[1m[2m    2.52 kB[22m[1m[22m[2m │ gzip:     1.18 kB[22m[2m │ map:      3.39 kB[22m
[2m../../../../../../../var/folders/kg/1qqqgrd97y5ds1lgjzv14zkw0000gp/T/chromatic--95176-Cd2QVRd0GsaY/[22m[2massets/[22m[36mButton.stories-CIkabOWW.js                            [39m[1m[2m    2.52 kB[22m[1m[22m[2m │ gzip:     0.97 kB[22m[2m │ map:      5.44 kB[22m
[2m../../../../../../../var/folders/kg/1qqqgrd97y5ds1lgjzv14zkw0000gp/T/chromatic--95176-Cd2QVRd0GsaY/[22m[2massets/[22m[36mDescriptionList-F9mPjQEN.js                           [39m[1m[2m    2.52 kB[22m[1m[22m[2m │ gzip:     1.14 kB[22m[2m │ map:      3.51 kB[22m
[2m../../../../../../../var/folders/kg/1qqqgrd97y5ds1lgjzv14zkw0000gp/T/chromatic--95176-Cd2QVRd0GsaY/[22m[2massets/[22m[36mTopBannerExternal-BTRWsswT.js                         [39m[1m[2m    2.63 kB[22m[1m[22m[2m │ gzip:     1.18 kB[22m[2m │ map:      3.36 kB[22m
[2m../../../../../../../var/folders/kg/1qqqgrd97y5ds1lgjzv14zkw0000gp/T/chromatic--95176-Cd2QVRd0GsaY/[22m[2massets/[22m[36mCheckbox.stories-BzI76xyS.js                          [39m[1m[2m    2.69 kB[22m[1m[22m[2m │ gzip:     1.10 kB[22m[2m │ map:      5.45 kB[22m
[2m../../../../../../../var/folders/kg/1qqqgrd97y5ds1lgjzv14zkw0000gp/T/chromatic--95176-Cd2QVRd0GsaY/[22m[2massets/[22m[36mSpinner.stories-DQgWCsZ2.js                           [39m[1m[2m    2.77 kB[22m[1m[22m[2m │ gzip:     1.18 kB[22m[2m │ map:      5.53 kB[22m
[2m../../../../../../../var/folders/kg/1qqqgrd97y5ds1lgjzv14zkw0000gp/T/chromatic--95176-Cd2QVRd0GsaY/[22m[2massets/[22m[36mCli-DVfJpe-C.js                                       [39m[1m[2m    2.78 kB[22m[1m[22m[2m │ gzip:     1.00 kB[22m[2m │ map:      4.08 kB[22m
[2m../../../../../../../var/folders/kg/1qqqgrd97y5ds1lgjzv14zkw0000gp/T/chromatic--95176-Cd2QVRd0GsaY/[22m[2massets/[22m[36mDocIntro-BROkC-6o.js                                  [39m[1m[2m    2.86 kB[22m[1m[22m[2m │ gzip:     1.10 kB[22m[2m │ map:      1.58 kB[22m
[2m../../../../../../../var/folders/kg/1qqqgrd97y5ds1lgjzv14zkw0000gp/T/chromatic--95176-Cd2QVRd0GsaY/[22m[2massets/[22m[36mAlert.stories-Bp6AY5AN.js                             [39m[1m[2m    2.92 kB[22m[1m[22m[2m │ gzip:     1.07 kB[22m[2m │ map:      4.66 kB[22m
[2m../../../../../../../var/folders/kg/1qqqgrd97y5ds1lgjzv14zkw0000gp/T/chromatic--95176-Cd2QVRd0GsaY/[22m[2massets/[22m[36mPagination-Du8_RsnC.js                                [39m[1m[2m    2.99 kB[22m[1m[22m[2m │ gzip:     1.29 kB[22m[2m │ map:      4.26 kB[22m
[2m../../../../../../../var/folders/kg/1qqqgrd97y5ds1lgjzv14zkw0000gp/T/chromatic--95176-Cd2QVRd0GsaY/[22m[2massets/[22m[36mTextArea.stories-ioma6T3x.js                          [39m[1m[2m    3.00 kB[22m[1m[22m[2m │ gzip:     1.17 kB[22m[2m │ map:      7.68 kB[22m
[2m../../../../../../../var/folders/kg/1qqqgrd97y5ds1lgjzv14zkw0000gp/T/chromatic--95176-Cd2QVRd0GsaY/[22m[2massets/[22m[36mTabsPanel.test.stories-BsCguWJo.js                    [39m[1m[2m    3.02 kB[22m[1m[22m[2m │ gzip:     1.15 kB[22m[2m │ map:      4.85 kB[22m
[2m../../../../../../../var/folders/kg/1qqqgrd97y5ds1lgjzv14zkw0000gp/T/chromatic--95176-Cd2QVRd0GsaY/[22m[2massets/[22m[36mList.stories-J1EhjDMu.js                              [39m[1m[2m    3.09 kB[22m[1m[22m[2m │ gzip:     1.09 kB[22m[2m │ map:      4.63 kB[22m
[2m../../../../../../../var/folders/kg/1qqqgrd97y5ds1lgjzv14zkw0000gp/T/chromatic--95176-Cd2QVRd0GsaY/[22m[2massets/[22m[36mFormatters.stories-DVqjNqdx.js                        [39m[1m[2m    3.11 kB[22m[1m[22m[2m │ gzip:     1.02 kB[22m[2m │ map:      4.46 kB[22m
[2m../../../../../../../var/folders/kg/1qqqgrd97y5ds1lgjzv14zkw0000gp/T/chromatic--95176-Cd2QVRd0GsaY/[22m[2massets/[22m[36mBreadcrumbsLink.test.stories-DfAf3P6U.js              [39m[1m[2m    3.14 kB[22m[1m[22m[2m │ gzip:     1.13 kB[22m[2m │ map:      5.26 kB[22m
[2m../../../../../../../var/folders/kg/1qqqgrd97y5ds1lgjzv14zkw0000gp/T/chromatic--95176-Cd2QVRd0GsaY/[22m[2massets/[22m[36mspacing-mwVNRZnm.js                                   [39m[1m[2m    3.15 kB[22m[1m[22m[2m │ gzip:     1.42 kB[22m[2m │ map:      3.46 kB[22m
[2m../../../../../../../var/folders/kg/1qqqgrd97y5ds1lgjzv14zkw0000gp/T/chromatic--95176-Cd2QVRd0GsaY/[22m[2massets/[22m[36mdemo-logo-white-DzYGCMOx.js                           [39m[1m[2m    3.18 kB[22m[1m[22m[2m │ gzip:     1.11 kB[22m[2m │ map:      3.35 kB[22m
[2m../../../../../../../var/folders/kg/1qqqgrd97y5ds1lgjzv14zkw0000gp/T/chromatic--95176-Cd2QVRd0GsaY/[22m[2massets/[22m[36msizes-CFK6FJ1P.js                                     [39m[1m[2m    3.24 kB[22m[1m[22m[2m │ gzip:     1.45 kB[22m[2m │ map:      3.48 kB[22m
[2m../../../../../../../var/folders/kg/1qqqgrd97y5ds1lgjzv14zkw0000gp/T/chromatic--95176-Cd2QVRd0GsaY/[22m[2massets/[22m[36mNavigationTile.stories-DmgyG8GB.js                    [39m[1m[2m    3.24 kB[22m[1m[22m[2m │ gzip:     1.17 kB[22m[2m │ map:      6.59 kB[22m
[2m../../../../../../../var/folders/kg/1qqqgrd97y5ds1lgjzv14zkw0000gp/T/chromatic--95176-Cd2QVRd0GsaY/[22m[2massets/[22m[36mLink-CtG3gdef.js                                      [39m[1m[2m    3.27 kB[22m[1m[22m[2m │ gzip:     1.35 kB[22m[2m │ map:      4.55 kB[22m
[2m../../../../../../../var/folders/kg/1qqqgrd97y5ds1lgjzv14zkw0000gp/T/chromatic--95176-Cd2QVRd0GsaY/[22m[2massets/[22m[36mListElement.test.stories-DRZ4NOK-.js                  [39m[1m[2m    3.31 kB[22m[1m[22m[2m │ gzip:     1.10 kB[22m[2m │ map:      5.21 kB[22m
[2m../../../../../../../var/folders/kg/1qqqgrd97y5ds1lgjzv14zkw0000gp/T/chromatic--95176-Cd2QVRd0GsaY/[22m[2massets/[22m[36mTableRow.stories-B0U-tiHH.js                          [39m[1m[2m    3.32 kB[22m[1m[22m[2m │ gzip:     1.18 kB[22m[2m │ map:      7.20 kB[22m
[2m../../../../../../../var/folders/kg/1qqqgrd97y5ds1lgjzv14zkw0000gp/T/chromatic--95176-Cd2QVRd0GsaY/[22m[2massets/[22m[36mDescriptionListElement.test.stories-BSJtpU8L.js       [39m[1m[2m    3.39 kB[22m[1m[22m[2m │ gzip:     1.13 kB[22m[2m │ map:      5.26 kB[22m
[2m../../../../../../../var/folders/kg/1qqqgrd97y5ds1lgjzv14zkw0000gp/T/chromatic--95176-Cd2QVRd0GsaY/[22m[2massets/[22m[36mLinkGroup.stories-B0FePVOx.js                         [39m[1m[2m    3.45 kB[22m[1m[22m[2m │ gzip:     1.06 kB[22m[2m │ map:      5.31 kB[22m
[2m../../../../../../../var/folders/kg/1qqqgrd97y5ds1lgjzv14zkw0000gp/T/chromatic--95176-Cd2QVRd0GsaY/[22m[2massets/[22m[36mParagraph.stories-Da5oe-cN.js                         [39m[1m[2m    3.46 kB[22m[1m[22m[2m │ gzip:     1.28 kB[22m[2m │ map:      4.34 kB[22m
[2m../../../../../../../var/folders/kg/1qqqgrd97y5ds1lgjzv14zkw0000gp/T/chromatic--95176-Cd2QVRd0GsaY/[22m[2massets/[22m[36mIconButton.stories-DD3Gc6Oe.js                        [39m[1m[2m    3.57 kB[22m[1m[22m[2m │ gzip:     1.09 kB[22m[2m │ map:      7.42 kB[22m
[2m../../../../../../../var/folders/kg/1qqqgrd97y5ds1lgjzv14zkw0000gp/T/chromatic--95176-Cd2QVRd0GsaY/[22m[2massets/[22m[36mOpenClose.stories-CBLd1N4z.js                         [39m[1m[2m    3.64 kB[22m[1m[22m[2m │ gzip:     1.22 kB[22m[2m │ map:      6.17 kB[22m
[2m../../../../../../../var/folders/kg/1qqqgrd97y5ds1lgjzv14zkw0000gp/T/chromatic--95176-Cd2QVRd0GsaY/[22m[2massets/[22m[36mCheckboxGroup.stories-DJq9n4-u.js                     [39m[1m[2m    3.69 kB[22m[1m[22m[2m │ gzip:     1.45 kB[22m[2m │ map:      7.32 kB[22m
[2m../../../../../../../var/folders/kg/1qqqgrd97y5ds1lgjzv14zkw0000gp/T/chromatic--95176-Cd2QVRd0GsaY/[22m[2massets/[22m[36mRepeterendeFelter-C7r1kmld.js                         [39m[1m[2m    3.83 kB[22m[1m[22m[2m │ gzip:     1.71 kB[22m[2m │ map:      3.35 kB[22m
[2m../../../../../../../var/folders/kg/1qqqgrd97y5ds1lgjzv14zkw0000gp/T/chromatic--95176-Cd2QVRd0GsaY/[22m[2massets/[22m[36mintroduction-B6gZaMZ9.js                              [39m[1m[2m    3.86 kB[22m[1m[22m[2m │ gzip:     1.73 kB[22m[2m │ map:      4.04 kB[22m
[2m../../../../../../../var/folders/kg/1qqqgrd97y5ds1lgjzv14zkw0000gp/T/chromatic--95176-Cd2QVRd0GsaY/[22m[2massets/[22m[36mindex-DJkGmZsG.js                                     [39m[1m[2m    3.94 kB[22m[1m[22m[2m │ gzip:     1.55 kB[22m[2m │ map:     13.07 kB[22m
[2m../../../../../../../var/folders/kg/1qqqgrd97y5ds1lgjzv14zkw0000gp/T/chromatic--95176-Cd2QVRd0GsaY/[22m[2massets/[22m[36mChips.stories-Bf-Ai_xz.js                             [39m[1m[2m    3.98 kB[22m[1m[22m[2m │ gzip:     1.46 kB[22m[2m │ map:      6.85 kB[22m
[2m../../../../../../../var/folders/kg/1qqqgrd97y5ds1lgjzv14zkw0000gp/T/chromatic--95176-Cd2QVRd0GsaY/[22m[2massets/[22m[36mBreadcrumbsItem.test.stories-D-mjLFnO.js              [39m[1m[2m    3.99 kB[22m[1m[22m[2m │ gzip:     1.28 kB[22m[2m │ map:      6.50 kB[22m
[2m../../../../../../../var/folders/kg/1qqqgrd97y5ds1lgjzv14zkw0000gp/T/chromatic--95176-Cd2QVRd0GsaY/[22m[2massets/[22m[36mVersionBadge-58hVWymh.js                              [39m[1m[2m    4.04 kB[22m[1m[22m[2m │ gzip:     1.54 kB[22m[2m │ map:      2.22 kB[22m
[2m../../../../../../../var/folders/kg/1qqqgrd97y5ds1lgjzv14zkw0000gp/T/chromatic--95176-Cd2QVRd0GsaY/[22m[2massets/[22m[36mSelect.stories-BGY5vGcn.js                            [39m[1m[2m    4.06 kB[22m[1m[22m[2m │ gzip:     1.44 kB[22m[2m │ map:      8.86 kB[22m
[2m../../../../../../../var/folders/kg/1qqqgrd97y5ds1lgjzv14zkw0000gp/T/chromatic--95176-Cd2QVRd0GsaY/[22m[2massets/[22m[36mErrorSummary.stories-BKj_y2s0.js                      [39m[1m[2m    4.06 kB[22m[1m[22m[2m │ gzip:     1.43 kB[22m[2m │ map:      6.34 kB[22m
[2m../../../../../../../var/folders/kg/1qqqgrd97y5ds1lgjzv14zkw0000gp/T/chromatic--95176-Cd2QVRd0GsaY/[22m[2massets/[22m[36mRadioGroup.stories-DwKrrUzu.js                        [39m[1m[2m    4.21 kB[22m[1m[22m[2m │ gzip:     1.42 kB[22m[2m │ map:      8.72 kB[22m
[2m../../../../../../../var/folders/kg/1qqqgrd97y5ds1lgjzv14zkw0000gp/T/chromatic--95176-Cd2QVRd0GsaY/[22m[2massets/[22m[36mErrorSummaryError.test.stories-PGE0oXD_.js            [39m[1m[2m    4.29 kB[22m[1m[22m[2m │ gzip:     1.28 kB[22m[2m │ map:      5.98 kB[22m
[2m../../../../../../../var/folders/kg/1qqqgrd97y5ds1lgjzv14zkw0000gp/T/chromatic--95176-Cd2QVRd0GsaY/[22m[2massets/[22m[36mCardActions.test.stories-B2o_J_9C.js                  [39m[1m[2m    4.34 kB[22m[1m[22m[2m │ gzip:     1.44 kB[22m[2m │ map:      6.41 kB[22m
[2m../../../../../../../var/folders/kg/1qqqgrd97y5ds1lgjzv14zkw0000gp/T/chromatic--95176-Cd2QVRd0GsaY/[22m[2massets/[22m[36mBreadcrumbsList.test.stories-BH__Qk_2.js              [39m[1m[2m    4.54 kB[22m[1m[22m[2m │ gzip:     1.43 kB[22m[2m │ map:      7.61 kB[22m
[2m../../../../../../../var/folders/kg/1qqqgrd97y5ds1lgjzv14zkw0000gp/T/chromatic--95176-Cd2QVRd0GsaY/[22m[2massets/[22m[36mTableSum.test.stories-D9W1M7ei.js                     [39m[1m[2m    4.55 kB[22m[1m[22m[2m │ gzip:     1.28 kB[22m[2m │ map:      6.73 kB[22m
[2m../../../../../../../var/folders/kg/1qqqgrd97y5ds1lgjzv14zkw0000gp/T/chromatic--95176-Cd2QVRd0GsaY/[22m[2massets/[22m[36mSelectOption.test.stories-ojI3LgJQ.js                 [39m[1m[2m    4.61 kB[22m[1m[22m[2m │ gzip:     1.33 kB[22m[2m │ map:      6.66 kB[22m
[2m../../../../../../../var/folders/kg/1qqqgrd97y5ds1lgjzv14zkw0000gp/T/chromatic--95176-Cd2QVRd0GsaY/[22m[2massets/[22m[36mCardHeader.test.stories-CobGWp9C.js                   [39m[1m[2m    4.70 kB[22m[1m[22m[2m │ gzip:     1.51 kB[22m[2m │ map:      6.94 kB[22m
[2m../../../../../../../var/folders/kg/1qqqgrd97y5ds1lgjzv14zkw0000gp/T/chromatic--95176-Cd2QVRd0GsaY/[22m[2massets/[22m[36mpalette-B3g5tkdC.js                                   [39m[1m[2m    4.72 kB[22m[1m[22m[2m │ gzip:     1.84 kB[22m[2m │ map:      5.23 kB[22m
[2m../../../../../../../var/folders/kg/1qqqgrd97y5ds1lgjzv14zkw0000gp/T/chromatic--95176-Cd2QVRd0GsaY/[22m[2massets/[22m[36mlz-string-m9jzapWX.js                                 [39m[1m[2m    4.84 kB[22m[1m[22m[2m │ gzip:     1.45 kB[22m[2m │ map:     25.50 kB[22m
[2m../../../../../../../var/folders/kg/1qqqgrd97y5ds1lgjzv14zkw0000gp/T/chromatic--95176-Cd2QVRd0GsaY/[22m[2massets/[22m[36mBreadcrumbs.stories-DWrjB6TZ.js                       [39m[1m[2m    5.01 kB[22m[1m[22m[2m │ gzip:     1.25 kB[22m[2m │ map:      7.74 kB[22m
[2m../../../../../../../var/folders/kg/1qqqgrd97y5ds1lgjzv14zkw0000gp/T/chromatic--95176-Cd2QVRd0GsaY/[22m[2massets/[22m[36mChipsRemovable.test.stories-CRB4Nr08.js               [39m[1m[2m    5.04 kB[22m[1m[22m[2m │ gzip:     1.45 kB[22m[2m │ map:      7.31 kB[22m
[2m../../../../../../../var/folders/kg/1qqqgrd97y5ds1lgjzv14zkw0000gp/T/chromatic--95176-Cd2QVRd0GsaY/[22m[2massets/[22m[36mPopoverContent.test.stories-Dd3wDZGC.js               [39m[1m[2m    5.27 kB[22m[1m[22m[2m │ gzip:     1.70 kB[22m[2m │ map:      7.24 kB[22m
[2m../../../../../../../var/folders/kg/1qqqgrd97y5ds1lgjzv14zkw0000gp/T/chromatic--95176-Cd2QVRd0GsaY/[22m[2massets/[22m[36mFooter.stories-sAOrwuM4.js                            [39m[1m[2m    5.34 kB[22m[1m[22m[2m │ gzip:     1.61 kB[22m[2m │ map:      8.05 kB[22m
[2m../../../../../../../var/folders/kg/1qqqgrd97y5ds1lgjzv14zkw0000gp/T/chromatic--95176-Cd2QVRd0GsaY/[22m[2massets/[22m[36mTableDataCell.test.stories-Def4rLsx.js                [39m[1m[2m    5.58 kB[22m[1m[22m[2m │ gzip:     1.40 kB[22m[2m │ map:      7.96 kB[22m
[2m../../../../../../../var/folders/kg/1qqqgrd97y5ds1lgjzv14zkw0000gp/T/chromatic--95176-Cd2QVRd0GsaY/[22m[2massets/[22m[36mDivider.stories-qfGy1kdd.js                           [39m[1m[2m    5.62 kB[22m[1m[22m[2m │ gzip:     1.76 kB[22m[2m │ map:      9.21 kB[22m
[2m../../../../../../../var/folders/kg/1qqqgrd97y5ds1lgjzv14zkw0000gp/T/chromatic--95176-Cd2QVRd0GsaY/[22m[2massets/[22m[36mTopBannerLangPickerButton-BL__yWg0.js                 [39m[1m[2m    5.62 kB[22m[1m[22m[2m │ gzip:     1.88 kB[22m[2m │ map:      3.60 kB[22m
[2m../../../../../../../var/folders/kg/1qqqgrd97y5ds1lgjzv14zkw0000gp/T/chromatic--95176-Cd2QVRd0GsaY/[22m[2massets/[22m[36mDivider.test.stories-Dxzd07IM.js                      [39m[1m[2m    5.71 kB[22m[1m[22m[2m │ gzip:     1.44 kB[22m[2m │ map:      7.85 kB[22m
[2m../../../../../../../var/folders/kg/1qqqgrd97y5ds1lgjzv14zkw0000gp/T/chromatic--95176-Cd2QVRd0GsaY/[22m[2massets/[22m[36mTopBannerUserButton-OtlN8UQ7.js                       [39m[1m[2m    5.80 kB[22m[1m[22m[2m │ gzip:     1.92 kB[22m[2m │ map:      3.93 kB[22m
[2m../../../../../../../var/folders/kg/1qqqgrd97y5ds1lgjzv14zkw0000gp/T/chromatic--95176-Cd2QVRd0GsaY/[22m[2massets/[22m[36mDatePicker.stories-CJ0kPiOm.js                        [39m[1m[2m    5.86 kB[22m[1m[22m[2m │ gzip:     2.23 kB[22m[2m │ map:     11.61 kB[22m
[2m../../../../../../../var/folders/kg/1qqqgrd97y5ds1lgjzv14zkw0000gp/T/chromatic--95176-Cd2QVRd0GsaY/[22m[2massets/[22m[36mTopBannerButton-BBo1xfWH.js                           [39m[1m[2m    5.96 kB[22m[1m[22m[2m │ gzip:     1.96 kB[22m[2m │ map:      3.54 kB[22m
[2m../../../../../../../var/folders/kg/1qqqgrd97y5ds1lgjzv14zkw0000gp/T/chromatic--95176-Cd2QVRd0GsaY/[22m[2massets/[22m[36mCardContent.test.stories-B_ds69r9.js                  [39m[1m[2m    5.99 kB[22m[1m[22m[2m │ gzip:     1.71 kB[22m[2m │ map:      8.45 kB[22m
[2m../../../../../../../var/folders/kg/1qqqgrd97y5ds1lgjzv14zkw0000gp/T/chromatic--95176-Cd2QVRd0GsaY/[22m[2massets/[22m[36mLabelWithHelp-C68NuQNE.js                             [39m[1m[2m    6.02 kB[22m[1m[22m[2m │ gzip:     2.00 kB[22m[2m │ map:      3.69 kB[22m
[2m../../../../../../../var/folders/kg/1qqqgrd97y5ds1lgjzv14zkw0000gp/T/chromatic--95176-Cd2QVRd0GsaY/[22m[2massets/[22m[36mCard.test.stories-DFJEMsDC.js                         [39m[1m[2m    6.05 kB[22m[1m[22m[2m │ gzip:     1.70 kB[22m[2m │ map:     10.52 kB[22m
[2m../../../../../../../var/folders/kg/1qqqgrd97y5ds1lgjzv14zkw0000gp/T/chromatic--95176-Cd2QVRd0GsaY/[22m[2massets/[22m[36mTableHeaderCell.test.stories-D31tkg58.js              [39m[1m[2m    6.08 kB[22m[1m[22m[2m │ gzip:     1.50 kB[22m[2m │ map:      8.99 kB[22m
[2m../../../../../../../var/folders/kg/1qqqgrd97y5ds1lgjzv14zkw0000gp/T/chromatic--95176-Cd2QVRd0GsaY/[22m[2massets/[22m[36mPopoverTrigger.test.stories-B3zbX9rR.js               [39m[1m[2m    6.15 kB[22m[1m[22m[2m │ gzip:     1.76 kB[22m[2m │ map:      9.43 kB[22m
[2m../../../../../../../var/folders/kg/1qqqgrd97y5ds1lgjzv14zkw0000gp/T/chromatic--95176-Cd2QVRd0GsaY/[22m[2massets/[22m[36mCardAlert.test.stories-DjYSYZd_.js                    [39m[1m[2m    6.22 kB[22m[1m[22m[2m │ gzip:     1.95 kB[22m[2m │ map:      9.80 kB[22m
[2m../../../../../../../var/folders/kg/1qqqgrd97y5ds1lgjzv14zkw0000gp/T/chromatic--95176-Cd2QVRd0GsaY/[22m[2massets/[22m[36mTopBannerSkipLink-CgCDkoZo.js                         [39m[1m[2m    6.38 kB[22m[1m[22m[2m │ gzip:     2.04 kB[22m[2m │ map:      3.82 kB[22m
[2m../../../../../../../var/folders/kg/1qqqgrd97y5ds1lgjzv14zkw0000gp/T/chromatic--95176-Cd2QVRd0GsaY/[22m[2massets/[22m[36mAccordion.test.stories-D5tpzHTw.js                    [39m[1m[2m    6.46 kB[22m[1m[22m[2m │ gzip:     1.86 kB[22m[2m │ map:     10.18 kB[22m
[2m../../../../../../../var/folders/kg/1qqqgrd97y5ds1lgjzv14zkw0000gp/T/chromatic--95176-Cd2QVRd0GsaY/[22m[2massets/[22m[36mChipsToggle.test.stories-DuElRA4U.js                  [39m[1m[2m    6.70 kB[22m[1m[22m[2m │ gzip:     1.59 kB[22m[2m │ map:      9.36 kB[22m
[2m../../../../../../../var/folders/kg/1qqqgrd97y5ds1lgjzv14zkw0000gp/T/chromatic--95176-Cd2QVRd0GsaY/[22m[2massets/[22m[36mfont-DAOka5rr.js                                      [39m[1m[2m    6.79 kB[22m[1m[22m[2m │ gzip:     2.33 kB[22m[2m │ map:      6.76 kB[22m
[2m../../../../../../../var/folders/kg/1qqqgrd97y5ds1lgjzv14zkw0000gp/T/chromatic--95176-Cd2QVRd0GsaY/[22m[2massets/[22m[36mTopBannerInternal.stories-DdbAI_kk.js                 [39m[1m[2m    6.85 kB[22m[1m[22m[2m │ gzip:     1.67 kB[22m[2m │ map:     10.38 kB[22m
[2m../../../../../../../var/folders/kg/1qqqgrd97y5ds1lgjzv14zkw0000gp/T/chromatic--95176-Cd2QVRd0GsaY/[22m[2massets/[22m[36mTableRow.test.stories-DaAnC3wt.js                     [39m[1m[2m    6.93 kB[22m[1m[22m[2m │ gzip:     1.62 kB[22m[2m │ map:     15.91 kB[22m
[2m../../../../../../../var/folders/kg/1qqqgrd97y5ds1lgjzv14zkw0000gp/T/chromatic--95176-Cd2QVRd0GsaY/[22m[2massets/[22m[36mChips.test.stories-BbujPm4S.js                        [39m[1m[2m    6.95 kB[22m[1m[22m[2m │ gzip:     1.84 kB[22m[2m │ map:     10.78 kB[22m
[2m../../../../../../../var/folders/kg/1qqqgrd97y5ds1lgjzv14zkw0000gp/T/chromatic--95176-Cd2QVRd0GsaY/[22m[2massets/[22m[36mBlockquote.test.stories-HL0ZLhHt.js                   [39m[1m[2m    6.97 kB[22m[1m[22m[2m │ gzip:     1.90 kB[22m[2m │ map:     10.57 kB[22m
[2m../../../../../../../var/folders/kg/1qqqgrd97y5ds1lgjzv14zkw0000gp/T/chromatic--95176-Cd2QVRd0GsaY/[22m[2massets/[22m[36mTabsTab.test.stories-NAxSQUY1.js                      [39m[1m[2m    7.13 kB[22m[1m[22m[2m │ gzip:     1.76 kB[22m[2m │ map:     12.67 kB[22m
[2m../../../../../../../var/folders/kg/1qqqgrd97y5ds1lgjzv14zkw0000gp/T/chromatic--95176-Cd2QVRd0GsaY/[22m[2massets/[22m[36mTopBannerInternalActionMenu.test.stories-BMDfgB2O.js  [39m[1m[2m    7.14 kB[22m[1m[22m[2m │ gzip:     2.11 kB[22m[2m │ map:      9.16 kB[22m
[2m../../../../../../../var/folders/kg/1qqqgrd97y5ds1lgjzv14zkw0000gp/T/chromatic--95176-Cd2QVRd0GsaY/[22m[2massets/[22m[36mErrorMessage.test.stories-BWM0fANl.js                 [39m[1m[2m    7.14 kB[22m[1m[22m[2m │ gzip:     1.87 kB[22m[2m │ map:      9.70 kB[22m
[2m../../../../../../../var/folders/kg/1qqqgrd97y5ds1lgjzv14zkw0000gp/T/chromatic--95176-Cd2QVRd0GsaY/[22m[2massets/[22m[36mDeloppgave.stories-D_-7ueOn.js                        [39m[1m[2m    7.52 kB[22m[1m[22m[2m │ gzip:     2.34 kB[22m[2m │ map:      8.84 kB[22m
[2m../../../../../../../var/folders/kg/1qqqgrd97y5ds1lgjzv14zkw0000gp/T/chromatic--95176-Cd2QVRd0GsaY/[22m[2massets/[22m[36mTag.test.stories-CjNXtELx.js                          [39m[1m[2m    7.52 kB[22m[1m[22m[2m │ gzip:     1.84 kB[22m[2m │ map:     10.69 kB[22m
[2m../../../../../../../var/folders/kg/1qqqgrd97y5ds1lgjzv14zkw0000gp/T/chromatic--95176-Cd2QVRd0GsaY/[22m[2massets/[22m[36mKvittering.stories-CbDw_BKK.js                        [39m[1m[2m    7.67 kB[22m[1m[22m[2m │ gzip:     2.70 kB[22m[2m │ map:      9.32 kB[22m
[2m../../../../../../../var/folders/kg/1qqqgrd97y5ds1lgjzv14zkw0000gp/T/chromatic--95176-Cd2QVRd0GsaY/[22m[2massets/[22m[36mDescriptionList.stories-COB60FlK.js                   [39m[1m[2m    7.77 kB[22m[1m[22m[2m │ gzip:     1.95 kB[22m[2m │ map:     12.24 kB[22m
[2m../../../../../../../var/folders/kg/1qqqgrd97y5ds1lgjzv14zkw0000gp/T/chromatic--95176-Cd2QVRd0GsaY/[22m[2massets/[22m[36mcontainers-BRTD6_EC.js                                [39m[1m[2m    7.78 kB[22m[1m[22m[2m │ gzip:     2.68 kB[22m[2m │ map:      7.67 kB[22m
[2m../../../../../../../var/folders/kg/1qqqgrd97y5ds1lgjzv14zkw0000gp/T/chromatic--95176-Cd2QVRd0GsaY/[22m[2massets/[22m[36mwebcomponent-decorator-BR7GFlXh.js                    [39m[1m[2m    7.94 kB[22m[1m[22m[2m │ gzip:     2.57 kB[22m[2m │ map:      5.75 kB[22m
[2m../../../../../../../var/folders/kg/1qqqgrd97y5ds1lgjzv14zkw0000gp/T/chromatic--95176-Cd2QVRd0GsaY/[22m[2massets/[22m[36mTopBannerLogo-Djhl88o8.js                             [39m[1m[2m    8.00 kB[22m[1m[22m[2m │ gzip:     2.38 kB[22m[2m │ map:      4.81 kB[22m
[2m../../../../../../../var/folders/kg/1qqqgrd97y5ds1lgjzv14zkw0000gp/T/chromatic--95176-Cd2QVRd0GsaY/[22m[2massets/[22m[36mpagelayout-decorator-Dvop5xIG.js                      [39m[1m[2m    8.06 kB[22m[1m[22m[2m │ gzip:     2.60 kB[22m[2m │ map:      9.14 kB[22m
[2m../../../../../../../var/folders/kg/1qqqgrd97y5ds1lgjzv14zkw0000gp/T/chromatic--95176-Cd2QVRd0GsaY/[22m[2massets/[22m[36mTopBannerLangPickerButton.test.stories-B5ikQaPP.js    [39m[1m[2m    8.13 kB[22m[1m[22m[2m │ gzip:     2.23 kB[22m[2m │ map:     13.50 kB[22m
[2m../../../../../../../var/folders/kg/1qqqgrd97y5ds1lgjzv14zkw0000gp/T/chromatic--95176-Cd2QVRd0GsaY/[22m[2massets/[22m[36mTableEditableRow.test.stories-Dg8X5FUI.js             [39m[1m[2m    8.42 kB[22m[1m[22m[2m │ gzip:     1.79 kB[22m[2m │ map:     11.99 kB[22m
[2m../../../../../../../var/folders/kg/1qqqgrd97y5ds1lgjzv14zkw0000gp/T/chromatic--95176-Cd2QVRd0GsaY/[22m[2massets/[22m[36mPopover.test.stories-hNuIjJoP.js                      [39m[1m[2m    8.48 kB[22m[1m[22m[2m │ gzip:     1.95 kB[22m[2m │ map:     12.81 kB[22m
[2m../../../../../../../var/folders/kg/1qqqgrd97y5ds1lgjzv14zkw0000gp/T/chromatic--95176-Cd2QVRd0GsaY/[22m[2massets/[22m[36mFormatters-m5rc1Mhw.js                                [39m[1m[2m    8.53 kB[22m[1m[22m[2m │ gzip:     2.81 kB[22m[2m │ map:     11.12 kB[22m
[2m../../../../../../../var/folders/kg/1qqqgrd97y5ds1lgjzv14zkw0000gp/T/chromatic--95176-Cd2QVRd0GsaY/[22m[2massets/[22m[36mPanel.stories-CkZiP0KI.js                             [39m[1m[2m    8.55 kB[22m[1m[22m[2m │ gzip:     2.63 kB[22m[2m │ map:     13.18 kB[22m
[2m../../../../../../../var/folders/kg/1qqqgrd97y5ds1lgjzv14zkw0000gp/T/chromatic--95176-Cd2QVRd0GsaY/[22m[2massets/[22m[36mTabs.stories-DNNUutTt.js                              [39m[1m[2m    8.59 kB[22m[1m[22m[2m │ gzip:     1.92 kB[22m[2m │ map:      9.22 kB[22m
[2m../../../../../../../var/folders/kg/1qqqgrd97y5ds1lgjzv14zkw0000gp/T/chromatic--95176-Cd2QVRd0GsaY/[22m[2massets/[22m[36mDescriptionList.test.stories-soTJAPpJ.js              [39m[1m[2m    8.61 kB[22m[1m[22m[2m │ gzip:     2.07 kB[22m[2m │ map:     13.05 kB[22m
[2m../../../../../../../var/folders/kg/1qqqgrd97y5ds1lgjzv14zkw0000gp/T/chromatic--95176-Cd2QVRd0GsaY/[22m[2massets/[22m[36mLinkGroup.test.stories-CMO49SCZ.js                    [39m[1m[2m    8.62 kB[22m[1m[22m[2m │ gzip:     2.14 kB[22m[2m │ map:     11.96 kB[22m
[2m../../../../../../../var/folders/kg/1qqqgrd97y5ds1lgjzv14zkw0000gp/T/chromatic--95176-Cd2QVRd0GsaY/[22m[2massets/[22m[36mHelp-DkGsvzi2.js                                      [39m[1m[2m    8.63 kB[22m[1m[22m[2m │ gzip:     2.66 kB[22m[2m │ map:      5.99 kB[22m
[2m../../../../../../../var/folders/kg/1qqqgrd97y5ds1lgjzv14zkw0000gp/T/chromatic--95176-Cd2QVRd0GsaY/[22m[2massets/[22m[36mTopBannerUserButton.test.stories-vxwiWj3_.js          [39m[1m[2m    8.71 kB[22m[1m[22m[2m │ gzip:     2.04 kB[22m[2m │ map:     13.62 kB[22m
[2m../../../../../../../var/folders/kg/1qqqgrd97y5ds1lgjzv14zkw0000gp/T/chromatic--95176-Cd2QVRd0GsaY/[22m[2massets/[22m[36mTopBannerSkipLink.test.stories-DVddPnq4.js            [39m[1m[2m    9.11 kB[22m[1m[22m[2m │ gzip:     2.25 kB[22m[2m │ map:     13.44 kB[22m
[2m../../../../../../../var/folders/kg/1qqqgrd97y5ds1lgjzv14zkw0000gp/T/chromatic--95176-Cd2QVRd0GsaY/[22m[2massets/[22m[36mParagraph.test.stories-BsLRGCqs.js                    [39m[1m[2m    9.18 kB[22m[1m[22m[2m │ gzip:     2.36 kB[22m[2m │ map:     13.30 kB[22m
[2m../../../../../../../var/folders/kg/1qqqgrd97y5ds1lgjzv14zkw0000gp/T/chromatic--95176-Cd2QVRd0GsaY/[22m[2massets/[22m[36mTokensList-CWlxkCVO.js                                [39m[1m[2m    9.31 kB[22m[1m[22m[2m │ gzip:     2.58 kB[22m[2m │ map:      3.68 kB[22m
[2m../../../../../../../var/folders/kg/1qqqgrd97y5ds1lgjzv14zkw0000gp/T/chromatic--95176-Cd2QVRd0GsaY/[22m[2massets/[22m[36mPagination.stories-CsEJD-Ec.js                        [39m[1m[2m    9.34 kB[22m[1m[22m[2m │ gzip:     2.49 kB[22m[2m │ map:     18.04 kB[22m
[2m../../../../../../../var/folders/kg/1qqqgrd97y5ds1lgjzv14zkw0000gp/T/chromatic--95176-Cd2QVRd0GsaY/[22m[2massets/[22m[36mTopBannerLogo.test.stories-CK9_qJ-1.js                [39m[1m[2m    9.55 kB[22m[1m[22m[2m │ gzip:     2.58 kB[22m[2m │ map:     13.78 kB[22m
[2m../../../../../../../var/folders/kg/1qqqgrd97y5ds1lgjzv14zkw0000gp/T/chromatic--95176-Cd2QVRd0GsaY/[22m[2massets/[22m[36mBreadcrumbs.test.stories-CnaS-p6N.js                  [39m[1m[2m    9.61 kB[22m[1m[22m[2m │ gzip:     2.37 kB[22m[2m │ map:     15.11 kB[22m
[2m../../../../../../../var/folders/kg/1qqqgrd97y5ds1lgjzv14zkw0000gp/T/chromatic--95176-Cd2QVRd0GsaY/[22m[2massets/[22m[36mHeading.test.stories-DVVDMpeP.js                      [39m[1m[2m    9.85 kB[22m[1m[22m[2m │ gzip:     2.43 kB[22m[2m │ map:     15.52 kB[22m
[2m../../../../../../../var/folders/kg/1qqqgrd97y5ds1lgjzv14zkw0000gp/T/chromatic--95176-Cd2QVRd0GsaY/[22m[2massets/[22m[36mRolePicker.stories-Dq3-yn_Z.js                        [39m[1m[2m   10.27 kB[22m[1m[22m[2m │ gzip:     2.46 kB[22m[2m │ map:     19.71 kB[22m
[2m../../../../../../../var/folders/kg/1qqqgrd97y5ds1lgjzv14zkw0000gp/T/chromatic--95176-Cd2QVRd0GsaY/[22m[2massets/[22m[36mStepList.stories-DV2PGmUA.js                          [39m[1m[2m   10.29 kB[22m[1m[22m[2m │ gzip:     2.95 kB[22m[2m │ map:     13.20 kB[22m
[2m../../../../../../../var/folders/kg/1qqqgrd97y5ds1lgjzv14zkw0000gp/T/chromatic--95176-Cd2QVRd0GsaY/[22m[2massets/[22m[36mStepList.test.stories-Di1OqwVD.js                     [39m[1m[2m   10.30 kB[22m[1m[22m[2m │ gzip:     2.89 kB[22m[2m │ map:     18.46 kB[22m
[2m../../../../../../../var/folders/kg/1qqqgrd97y5ds1lgjzv14zkw0000gp/T/chromatic--95176-Cd2QVRd0GsaY/[22m[2massets/[22m[36mSpinner.test.stories-IElYeZyE.js                      [39m[1m[2m   10.34 kB[22m[1m[22m[2m │ gzip:     2.37 kB[22m[2m │ map:     13.92 kB[22m
[2m../../../../../../../var/folders/kg/1qqqgrd97y5ds1lgjzv14zkw0000gp/T/chromatic--95176-Cd2QVRd0GsaY/[22m[2massets/[22m[36mOppgaveliste.stories-DlCKfhgW.js                      [39m[1m[2m   10.70 kB[22m[1m[22m[2m │ gzip:     3.34 kB[22m[2m │ map:     13.68 kB[22m
[2m../../../../../../../var/folders/kg/1qqqgrd97y5ds1lgjzv14zkw0000gp/T/chromatic--95176-Cd2QVRd0GsaY/[22m[2massets/[22m[36mFileUploader.stories-BLBTkAhk.js                      [39m[1m[2m   10.92 kB[22m[1m[22m[2m │ gzip:     3.44 kB[22m[2m │ map:     18.66 kB[22m
[2m../../../../../../../var/folders/kg/1qqqgrd97y5ds1lgjzv14zkw0000gp/T/chromatic--95176-Cd2QVRd0GsaY/[22m[2massets/[22m[36mModal.stories-CBpM9Kir.js                             [39m[1m[2m   11.28 kB[22m[1m[22m[2m │ gzip:     3.24 kB[22m[2m │ map:     17.17 kB[22m
[2m../../../../../../../var/folders/kg/1qqqgrd97y5ds1lgjzv14zkw0000gp/T/chromatic--95176-Cd2QVRd0GsaY/[22m[2massets/[22m[36mHelp.test.stories-DKvfWZNt.js                         [39m[1m[2m   11.64 kB[22m[1m[22m[2m │ gzip:     2.42 kB[22m[2m │ map:     15.48 kB[22m
[2m../../../../../../../var/folders/kg/1qqqgrd97y5ds1lgjzv14zkw0000gp/T/chromatic--95176-Cd2QVRd0GsaY/[22m[2massets/[22m[36mPopover.stories-BYzw5KC4.js                           [39m[1m[2m   11.64 kB[22m[1m[22m[2m │ gzip:     2.32 kB[22m[2m │ map:     14.60 kB[22m
[2m../../../../../../../var/folders/kg/1qqqgrd97y5ds1lgjzv14zkw0000gp/T/chromatic--95176-Cd2QVRd0GsaY/[22m[2massets/[22m[36mStepListStep.test.stories-NrfR-t0a.js                 [39m[1m[2m   11.71 kB[22m[1m[22m[2m │ gzip:     2.57 kB[22m[2m │ map:     17.05 kB[22m
[2m../../../../../../../var/folders/kg/1qqqgrd97y5ds1lgjzv14zkw0000gp/T/chromatic--95176-Cd2QVRd0GsaY/[22m[2massets/[22m[36mTopBannerButton.test.stories-C42QwMvr.js              [39m[1m[2m   11.76 kB[22m[1m[22m[2m │ gzip:     2.44 kB[22m[2m │ map:     16.78 kB[22m
[2m../../../../../../../var/folders/kg/1qqqgrd97y5ds1lgjzv14zkw0000gp/T/chromatic--95176-Cd2QVRd0GsaY/[22m[2massets/[22m[36mLabelWithHelp.test.stories-C-Y29jlP.js                [39m[1m[2m   12.22 kB[22m[1m[22m[2m │ gzip:     2.70 kB[22m[2m │ map:     17.00 kB[22m
[2m../../../../../../../var/folders/kg/1qqqgrd97y5ds1lgjzv14zkw0000gp/T/chromatic--95176-Cd2QVRd0GsaY/[22m[2massets/[22m[36mSearchField.stories-a9QKvLJh.js                       [39m[1m[2m   12.23 kB[22m[1m[22m[2m │ gzip:     3.14 kB[22m[2m │ map:     17.77 kB[22m
[2m../../../../../../../var/folders/kg/1qqqgrd97y5ds1lgjzv14zkw0000gp/T/chromatic--95176-Cd2QVRd0GsaY/[22m[2massets/[22m[36mRadio.test.stories-DijV3lis.js                        [39m[1m[2m   12.26 kB[22m[1m[22m[2m │ gzip:     2.70 kB[22m[2m │ map:     17.67 kB[22m
[2m../../../../../../../var/folders/kg/1qqqgrd97y5ds1lgjzv14zkw0000gp/T/chromatic--95176-Cd2QVRd0GsaY/[22m[2massets/[22m[36museFileUploader-BP-xSdIS.js                           [39m[1m[2m   12.41 kB[22m[1m[22m[2m │ gzip:     3.65 kB[22m[2m │ map:     16.42 kB[22m
[2m../../../../../../../var/folders/kg/1qqqgrd97y5ds1lgjzv14zkw0000gp/T/chromatic--95176-Cd2QVRd0GsaY/[22m[2massets/[22m[36mTopBannerLangPicker.test.stories-Cl2_jrpt.js          [39m[1m[2m   12.71 kB[22m[1m[22m[2m │ gzip:     2.63 kB[22m[2m │ map:     17.70 kB[22m
[2m../../../../../../../var/folders/kg/1qqqgrd97y5ds1lgjzv14zkw0000gp/T/chromatic--95176-Cd2QVRd0GsaY/[22m[2massets/[22m[36mList.test.stories-CDfzJzHl.js                         [39m[1m[2m   12.85 kB[22m[1m[22m[2m │ gzip:     2.89 kB[22m[2m │ map:     17.99 kB[22m
[2m../../../../../../../var/folders/kg/1qqqgrd97y5ds1lgjzv14zkw0000gp/T/chromatic--95176-Cd2QVRd0GsaY/[22m[2massets/[22m[36museFormattedInput.test.stories-CyrPMu_C.js            [39m[1m[2m   13.22 kB[22m[1m[22m[2m │ gzip:     2.75 kB[22m[2m │ map:     17.00 kB[22m
[2m../../../../../../../var/folders/kg/1qqqgrd97y5ds1lgjzv14zkw0000gp/T/chromatic--95176-Cd2QVRd0GsaY/[22m[2massets/[22m[36mPanelDoc-BrmDoG4D.js                                  [39m[1m[2m   13.26 kB[22m[1m[22m[2m │ gzip:     3.83 kB[22m[2m │ map:     24.01 kB[22m
[2m../../../../../../../var/folders/kg/1qqqgrd97y5ds1lgjzv14zkw0000gp/T/chromatic--95176-Cd2QVRd0GsaY/[22m[2massets/[22m[36mScrollToTopButton.test.stories-kMKsjUJ7.js            [39m[1m[2m   13.71 kB[22m[1m[22m[2m │ gzip:     2.97 kB[22m[2m │ map:     19.14 kB[22m
[2m../../../../../../../var/folders/kg/1qqqgrd97y5ds1lgjzv14zkw0000gp/T/chromatic--95176-Cd2QVRd0GsaY/[22m[2massets/[22m[36mCard.stories-l3PlMnEk.js                              [39m[1m[2m   13.75 kB[22m[1m[22m[2m │ gzip:     2.73 kB[22m[2m │ map:     17.96 kB[22m
[2m../../../../../../../var/folders/kg/1qqqgrd97y5ds1lgjzv14zkw0000gp/T/chromatic--95176-Cd2QVRd0GsaY/[22m[2massets/[22m[36mTopBannerExternalUserMenu.test.stories-YjDXyhFj.js    [39m[1m[2m   14.61 kB[22m[1m[22m[2m │ gzip:     2.93 kB[22m[2m │ map:     18.85 kB[22m
[2m../../../../../../../var/folders/kg/1qqqgrd97y5ds1lgjzv14zkw0000gp/T/chromatic--95176-Cd2QVRd0GsaY/[22m[2massets/[22m[36mFieldset.test.stories-BujuB10n.js                     [39m[1m[2m   15.12 kB[22m[1m[22m[2m │ gzip:     3.31 kB[22m[2m │ map:     20.32 kB[22m
[2m../../../../../../../var/folders/kg/1qqqgrd97y5ds1lgjzv14zkw0000gp/T/chromatic--95176-Cd2QVRd0GsaY/[22m[2massets/[22m[36mLink.test.stories-wrUixZia.js                         [39m[1m[2m   15.46 kB[22m[1m[22m[2m │ gzip:     3.28 kB[22m[2m │ map:     21.87 kB[22m
[2m../../../../../../../var/folders/kg/1qqqgrd97y5ds1lgjzv14zkw0000gp/T/chromatic--95176-Cd2QVRd0GsaY/[22m[2massets/[22m[36mErrorSummary.test.stories-CmG2VtKI.js                 [39m[1m[2m   15.81 kB[22m[1m[22m[2m │ gzip:     3.51 kB[22m[2m │ map:     22.64 kB[22m
[2m../../../../../../../var/folders/kg/1qqqgrd97y5ds1lgjzv14zkw0000gp/T/chromatic--95176-Cd2QVRd0GsaY/[22m[2massets/[22m[36mindex-CSbhVpy8.js                                     [39m[1m[2m   15.94 kB[22m[1m[22m[2m │ gzip:     3.96 kB[22m[2m │ map:      9.27 kB[22m
[2m../../../../../../../var/folders/kg/1qqqgrd97y5ds1lgjzv14zkw0000gp/T/chromatic--95176-Cd2QVRd0GsaY/[22m[2massets/[22m[36mMegaButton.test.stories-DXi23Y38.js                   [39m[1m[2m   16.21 kB[22m[1m[22m[2m │ gzip:     3.43 kB[22m[2m │ map:     23.49 kB[22m
[2m../../../../../../../var/folders/kg/1qqqgrd97y5ds1lgjzv14zkw0000gp/T/chromatic--95176-Cd2QVRd0GsaY/[22m[2massets/[22m[36mAccordionItem.test.stories-B65Zvv3r.js                [39m[1m[2m   16.32 kB[22m[1m[22m[2m │ gzip:     3.67 kB[22m[2m │ map:     23.26 kB[22m
[2m../../../../../../../var/folders/kg/1qqqgrd97y5ds1lgjzv14zkw0000gp/T/chromatic--95176-Cd2QVRd0GsaY/[22m[2massets/[22m[36mindex-Cp84LTvT.js                                     [39m[1m[2m   16.66 kB[22m[1m[22m[2m │ gzip:     4.10 kB[22m[2m │ map:      9.18 kB[22m
[2m../../../../../../../var/folders/kg/1qqqgrd97y5ds1lgjzv14zkw0000gp/T/chromatic--95176-Cd2QVRd0GsaY/[22m[2massets/[22m[36mDatePickerCalendar.test.stories-C707NE1k.js           [39m[1m[2m   16.76 kB[22m[1m[22m[2m │ gzip:     3.25 kB[22m[2m │ map:     23.05 kB[22m
[2m../../../../../../../var/folders/kg/1qqqgrd97y5ds1lgjzv14zkw0000gp/T/chromatic--95176-Cd2QVRd0GsaY/[22m[2massets/[22m[36mFileUploader.test.stories-BmvoRzqq.js                 [39m[1m[2m   16.97 kB[22m[1m[22m[2m │ gzip:     4.30 kB[22m[2m │ map:     45.40 kB[22m
[2m../../../../../../../var/folders/kg/1qqqgrd97y5ds1lgjzv14zkw0000gp/T/chromatic--95176-Cd2QVRd0GsaY/[22m[2massets/[22m[36mCheckboxGroup.test.stories-BRpGfh4p.js                [39m[1m[2m   17.14 kB[22m[1m[22m[2m │ gzip:     3.47 kB[22m[2m │ map:     23.07 kB[22m
[2m../../../../../../../var/folders/kg/1qqqgrd97y5ds1lgjzv14zkw0000gp/T/chromatic--95176-Cd2QVRd0GsaY/[22m[2massets/[22m[36mTabs.test.stories-2ix-AEu-.js                         [39m[1m[2m   17.25 kB[22m[1m[22m[2m │ gzip:     3.46 kB[22m[2m │ map:     23.88 kB[22m
[2m../../../../../../../var/folders/kg/1qqqgrd97y5ds1lgjzv14zkw0000gp/T/chromatic--95176-Cd2QVRd0GsaY/[22m[2massets/[22m[36mRepeterendeFelter.stories-DpOMeGpG.js                 [39m[1m[2m   17.46 kB[22m[1m[22m[2m │ gzip:     5.19 kB[22m[2m │ map:     23.10 kB[22m
[2m../../../../../../../var/folders/kg/1qqqgrd97y5ds1lgjzv14zkw0000gp/T/chromatic--95176-Cd2QVRd0GsaY/[22m[2massets/[22m[36mIcon.test.stories-C74yPyCn.js                         [39m[1m[2m   17.48 kB[22m[1m[22m[2m │ gzip:     2.88 kB[22m[2m │ map:     22.61 kB[22m
[2m../../../../../../../var/folders/kg/1qqqgrd97y5ds1lgjzv14zkw0000gp/T/chromatic--95176-Cd2QVRd0GsaY/[22m[2massets/[22m[36mInlineButton.test.stories-CUezp2Tg.js                 [39m[1m[2m   17.94 kB[22m[1m[22m[2m │ gzip:     3.66 kB[22m[2m │ map:     25.56 kB[22m
[2m../../../../../../../var/folders/kg/1qqqgrd97y5ds1lgjzv14zkw0000gp/T/chromatic--95176-Cd2QVRd0GsaY/[22m[2massets/[22m[36mSaksvisning.stories-CC4ntWl7.js                       [39m[1m[2m   18.23 kB[22m[1m[22m[2m │ gzip:     4.24 kB[22m[2m │ map:     20.90 kB[22m
[2m../../../../../../../var/folders/kg/1qqqgrd97y5ds1lgjzv14zkw0000gp/T/chromatic--95176-Cd2QVRd0GsaY/[22m[2massets/[22m[36mTable.test.stories-JzXAqJoB.js                        [39m[1m[2m   18.39 kB[22m[1m[22m[2m │ gzip:     3.86 kB[22m[2m │ map:     34.62 kB[22m
[2m../../../../../../../var/folders/kg/1qqqgrd97y5ds1lgjzv14zkw0000gp/T/chromatic--95176-Cd2QVRd0GsaY/[22m[2massets/[22m[36mSkjemaMedSteg.stories-B07jphmp.js                     [39m[1m[2m   18.54 kB[22m[1m[22m[2m │ gzip:     5.45 kB[22m[2m │ map:     24.82 kB[22m
[2m../../../../../../../var/folders/kg/1qqqgrd97y5ds1lgjzv14zkw0000gp/T/chromatic--95176-Cd2QVRd0GsaY/[22m[2massets/[22m[36mNavigationTile.test.stories-DIB3OMaa.js               [39m[1m[2m   19.20 kB[22m[1m[22m[2m │ gzip:     4.11 kB[22m[2m │ map:     28.67 kB[22m
[2m../../../../../../../var/folders/kg/1qqqgrd97y5ds1lgjzv14zkw0000gp/T/chromatic--95176-Cd2QVRd0GsaY/[22m[2massets/[22m[36mAlert.test.stories-2-wQdwbP.js                        [39m[1m[2m   19.77 kB[22m[1m[22m[2m │ gzip:     3.89 kB[22m[2m │ map:     25.84 kB[22m
[2m../../../../../../../var/folders/kg/1qqqgrd97y5ds1lgjzv14zkw0000gp/T/chromatic--95176-Cd2QVRd0GsaY/[22m[2massets/[22m[36mPagination.test.stories-29w38EsV.js                   [39m[1m[2m   20.53 kB[22m[1m[22m[2m │ gzip:     4.09 kB[22m[2m │ map:     27.70 kB[22m
[2m../../../../../../../var/folders/kg/1qqqgrd97y5ds1lgjzv14zkw0000gp/T/chromatic--95176-Cd2QVRd0GsaY/[22m[2massets/[22m[36mButton.test.stories-CUbO3DYA.js                       [39m[1m[2m   20.97 kB[22m[1m[22m[2m │ gzip:     3.73 kB[22m[2m │ map:     30.22 kB[22m
[2m../../../../../../../var/folders/kg/1qqqgrd97y5ds1lgjzv14zkw0000gp/T/chromatic--95176-Cd2QVRd0GsaY/[22m[2massets/[22m[36mOpenClose.test.stories-BXLDz5KU.js                    [39m[1m[2m   21.62 kB[22m[1m[22m[2m │ gzip:     4.29 kB[22m[2m │ map:     29.28 kB[22m
[2m../../../../../../../var/folders/kg/1qqqgrd97y5ds1lgjzv14zkw0000gp/T/chromatic--95176-Cd2QVRd0GsaY/[22m[2massets/[22m[36mIconButton.test.stories-BP6jBB-D.js                   [39m[1m[2m   22.15 kB[22m[1m[22m[2m │ gzip:     4.01 kB[22m[2m │ map:     32.62 kB[22m
[2m../../../../../../../var/folders/kg/1qqqgrd97y5ds1lgjzv14zkw0000gp/T/chromatic--95176-Cd2QVRd0GsaY/[22m[2massets/[22m[36mAccordion.stories-Dww9XfSO.js                         [39m[1m[2m   22.50 kB[22m[1m[22m[2m │ gzip:     4.31 kB[22m[2m │ map:     27.05 kB[22m
[2m../../../../../../../var/folders/kg/1qqqgrd97y5ds1lgjzv14zkw0000gp/T/chromatic--95176-Cd2QVRd0GsaY/[22m[2massets/[22m[36mTopBannerInternal.test.stories-CA17IVh3.js            [39m[1m[2m   23.02 kB[22m[1m[22m[2m │ gzip:     4.26 kB[22m[2m │ map:     29.06 kB[22m
[2m../../../../../../../var/folders/kg/1qqqgrd97y5ds1lgjzv14zkw0000gp/T/chromatic--95176-Cd2QVRd0GsaY/[22m[2massets/[22m[36micon.utils-BPkpxbnr.js                                [39m[1m[2m   23.15 kB[22m[1m[22m[2m │ gzip:     5.16 kB[22m[2m │ map:      3.28 kB[22m
[2m../../../../../../../var/folders/kg/1qqqgrd97y5ds1lgjzv14zkw0000gp/T/chromatic--95176-Cd2QVRd0GsaY/[22m[2massets/[22m[36mindex-DQqkEo3X.js                                     [39m[1m[2m   25.53 kB[22m[1m[22m[2m │ gzip:     4.66 kB[22m[2m │ map:     12.62 kB[22m
[2m../../../../../../../var/folders/kg/1qqqgrd97y5ds1lgjzv14zkw0000gp/T/chromatic--95176-Cd2QVRd0GsaY/[22m[2massets/[22m[36mTextField.stories-BipZMU82.js                         [39m[1m[2m   25.91 kB[22m[1m[22m[2m │ gzip:     6.11 kB[22m[2m │ map:     33.91 kB[22m
[2m../../../../../../../var/folders/kg/1qqqgrd97y5ds1lgjzv14zkw0000gp/T/chromatic--95176-Cd2QVRd0GsaY/[22m[2massets/[22m[36mFooter.test.stories-CT1Dr11b.js                       [39m[1m[2m   25.98 kB[22m[1m[22m[2m │ gzip:     4.26 kB[22m[2m │ map:     35.26 kB[22m
[2m../../../../../../../var/folders/kg/1qqqgrd97y5ds1lgjzv14zkw0000gp/T/chromatic--95176-Cd2QVRd0GsaY/[22m[2massets/[22m[36mSelect.test.stories-C2Gnk2Jn.js                       [39m[1m[2m   27.14 kB[22m[1m[22m[2m │ gzip:     5.02 kB[22m[2m │ map:     37.16 kB[22m
[2m../../../../../../../var/folders/kg/1qqqgrd97y5ds1lgjzv14zkw0000gp/T/chromatic--95176-Cd2QVRd0GsaY/[22m[2massets/[22m[36mCheckbox.test.stories-A6YON5jR.js                     [39m[1m[2m   29.37 kB[22m[1m[22m[2m │ gzip:     4.68 kB[22m[2m │ map:     38.39 kB[22m
[2m../../../../../../../var/folders/kg/1qqqgrd97y5ds1lgjzv14zkw0000gp/T/chromatic--95176-Cd2QVRd0GsaY/[22m[2massets/[22m[36mColor-AVL7NMMY-Bmtu893Q.js                            [39m[1m[2m   29.41 kB[22m[1m[22m[2m │ gzip:    11.08 kB[22m[2m │ map:     83.20 kB[22m
[2m../../../../../../../var/folders/kg/1qqqgrd97y5ds1lgjzv14zkw0000gp/T/chromatic--95176-Cd2QVRd0GsaY/[22m[2massets/[22m[36mmatchers-7Z3WT2CE-T3xScrR7.js                         [39m[1m[2m   29.87 kB[22m[1m[22m[2m │ gzip:    10.34 kB[22m[2m │ map:     97.32 kB[22m
[2m../../../../../../../var/folders/kg/1qqqgrd97y5ds1lgjzv14zkw0000gp/T/chromatic--95176-Cd2QVRd0GsaY/[22m[2massets/[22m[36mPanel.test.stories-N_CXu__H.js                        [39m[1m[2m   30.26 kB[22m[1m[22m[2m │ gzip:     5.34 kB[22m[2m │ map:     46.48 kB[22m
[2m../../../../../../../var/folders/kg/1qqqgrd97y5ds1lgjzv14zkw0000gp/T/chromatic--95176-Cd2QVRd0GsaY/[22m[2massets/[22m[36mTopBannerLangPicker-miVj29Zz.js                       [39m[1m[2m   31.96 kB[22m[1m[22m[2m │ gzip:     8.51 kB[22m[2m │ map:     30.40 kB[22m
[2m../../../../../../../var/folders/kg/1qqqgrd97y5ds1lgjzv14zkw0000gp/T/chromatic--95176-Cd2QVRd0GsaY/[22m[2massets/[22m[36mModal.test.stories-DBiAXnzi.js                        [39m[1m[2m   33.35 kB[22m[1m[22m[2m │ gzip:     5.76 kB[22m[2m │ map:     48.64 kB[22m
[2m../../../../../../../var/folders/kg/1qqqgrd97y5ds1lgjzv14zkw0000gp/T/chromatic--95176-Cd2QVRd0GsaY/[22m[2massets/[22m[36mSearchfield.test.stories-BMoyAOws.js                  [39m[1m[2m   34.86 kB[22m[1m[22m[2m │ gzip:     6.48 kB[22m[2m │ map:     49.79 kB[22m
[2m../../../../../../../var/folders/kg/1qqqgrd97y5ds1lgjzv14zkw0000gp/T/chromatic--95176-Cd2QVRd0GsaY/[22m[2massets/[22m[36mRolePicker.test.stories-BJtemREg.js                   [39m[1m[2m   34.91 kB[22m[1m[22m[2m │ gzip:     5.60 kB[22m[2m │ map:     50.55 kB[22m
[2m../../../../../../../var/folders/kg/1qqqgrd97y5ds1lgjzv14zkw0000gp/T/chromatic--95176-Cd2QVRd0GsaY/[22m[2massets/[22m[36mTextArea.test.stories-Diw3W-1Z.js                     [39m[1m[2m   37.22 kB[22m[1m[22m[2m │ gzip:     6.51 kB[22m[2m │ map:     50.90 kB[22m
[2m../../../../../../../var/folders/kg/1qqqgrd97y5ds1lgjzv14zkw0000gp/T/chromatic--95176-Cd2QVRd0GsaY/[22m[2massets/[22m[36mTextField.test.stories-D1CeSzHh.js                    [39m[1m[2m   37.32 kB[22m[1m[22m[2m │ gzip:     6.44 kB[22m[2m │ map:     50.13 kB[22m
[2m../../../../../../../var/folders/kg/1qqqgrd97y5ds1lgjzv14zkw0000gp/T/chromatic--95176-Cd2QVRd0GsaY/[22m[2massets/[22m[36mTopBannerExternal.test.stories-DIP3jZIF.js            [39m[1m[2m   38.60 kB[22m[1m[22m[2m │ gzip:     5.81 kB[22m[2m │ map:     49.97 kB[22m
[2m../../../../../../../var/folders/kg/1qqqgrd97y5ds1lgjzv14zkw0000gp/T/chromatic--95176-Cd2QVRd0GsaY/[22m[2massets/[22m[36mRadioGroup.test.stories-CyKR0mVa.js                   [39m[1m[2m   40.00 kB[22m[1m[22m[2m │ gzip:     8.64 kB[22m[2m │ map:     72.00 kB[22m
[2m../../../../../../../var/folders/kg/1qqqgrd97y5ds1lgjzv14zkw0000gp/T/chromatic--95176-Cd2QVRd0GsaY/[22m[2massets/[22m[36mTopBannerExternal.stories-DerrUhR2.js                 [39m[1m[2m   43.56 kB[22m[1m[22m[2m │ gzip:     6.29 kB[22m[2m │ map:     54.26 kB[22m
[2m../../../../../../../var/folders/kg/1qqqgrd97y5ds1lgjzv14zkw0000gp/T/chromatic--95176-Cd2QVRd0GsaY/[22m[2massets/[22m[36mDatePicker.test.stories-D4tqGP1V.js                   [39m[1m[2m   43.83 kB[22m[1m[22m[2m │ gzip:     7.44 kB[22m[2m │ map:     59.36 kB[22m



[0m[7m[1m[32m NX [39m[22m[27m[0m  [32mSuccessfully ran target [1mbuild[22m for project ds-playground and [1m1[22m task it depends on[39m

[2mNx read the output from the cache instead of running the command for 1 out of 2 tasks.[22m

